TpTrace Verbose: 0 : 12968, 1, 2024/06/03, 01:46:08.137, 949060687119, vstest.console.dll, Version: 17.9.0-release-24072-02 Current process architecture: X64
TpTrace Verbose: 0 : 12968, 1, 2024/06/03, 01:46:08.141, 949060722743, vstest.console.dll, Runtime location: C:\Program Files\dotnet\shared\Microsoft.NETCore.App\8.0.3
TpTrace Verbose: 0 : 12968, 1, 2024/06/03, 01:46:08.143, 949060743747, vstest.console.dll, ArtifactProcessingPostProcessModeProcessorExecutor.Initialize: ArtifactProcessingMode.Collect
TpTrace Verbose: 0 : 12968, 1, 2024/06/03, 01:46:08.143, 949060745258, vstest.console.dll, TestSessionCorrelationIdProcessorModeProcessorExecutor.Initialize: TestSessionCorrelationId '15188_3da89e68-1f93-4ca8-9c8d-741ec0310f1c'
TpTrace Information: 0 : 12968, 1, 2024/06/03, 01:46:08.153, 949060848448, vstest.console.dll, FilePatternParser: The given file C:\Users\VC\Desktop\MiniProject\Job_Portal_API\BloodDonationAppTesting\bin\Debug\net6.0\fine-code-coverage\build-output\BloodDonationAppTesting.dll is a full path.
TpTrace Verbose: 0 : 12968, 1, 2024/06/03, 01:46:08.159, 949060903526, vstest.console.dll, TestPluginCache.DiscoverTestExtensions: finding test extensions in assemblies ends with: RuntimeProvider.dll TPluginInfo: Microsoft.VisualStudio.TestPlatform.Common.ExtensionFramework.Utilities.TestRuntimePluginInformation TExtension: Microsoft.VisualStudio.TestPlatform.ObjectModel.Host.ITestRuntimeProvider
TpTrace Verbose: 0 : 12968, 1, 2024/06/03, 01:46:08.159, 949060907596, vstest.console.dll, TestPluginCache.GetExtensionPaths: Filtered extension paths: 
TpTrace Verbose: 0 : 12968, 1, 2024/06/03, 01:46:08.159, 949060908750, vstest.console.dll, TestPluginCache.GetExtensionPaths: Added default extension paths: C:\Program Files\dotnet\sdk\8.0.202\Extensions\Microsoft.Diagnostics.NETCore.Client.dll
C:\Program Files\dotnet\sdk\8.0.202\Extensions\Microsoft.TestPlatform.Extensions.BlameDataCollector.dll
C:\Program Files\dotnet\sdk\8.0.202\Extensions\Microsoft.TestPlatform.Extensions.EventLogCollector.dll
C:\Program Files\dotnet\sdk\8.0.202\Extensions\Microsoft.TestPlatform.TestHostRuntimeProvider.dll
C:\Program Files\dotnet\sdk\8.0.202\Extensions\Microsoft.VisualStudio.TestPlatform.Extensions.Html.TestLogger.dll
C:\Program Files\dotnet\sdk\8.0.202\Extensions\Microsoft.VisualStudio.TestPlatform.Extensions.Trx.TestLogger.dll
TpTrace Verbose: 0 : 12968, 1, 2024/06/03, 01:46:08.159, 949060909212, vstest.console.dll, TestPluginCache.GetExtensionPaths: Added unfilterableExtensionPaths: 
TpTrace Information: 0 : 12968, 1, 2024/06/03, 01:46:08.160, 949060915650, vstest.console.dll, AssemblyResolver.ctor: Creating AssemblyResolver with searchDirectories C:\Program Files\dotnet\sdk\8.0.202\Extensions,C:\Program Files\dotnet\sdk\8.0.202
TpTrace Verbose: 0 : 12968, 1, 2024/06/03, 01:46:08.162, 949060932592, vstest.console.dll, TestPluginCache.DiscoverTestExtensions: Discovering the extensions using extension path.
TpTrace Verbose: 0 : 12968, 1, 2024/06/03, 01:46:08.162, 949060934237, vstest.console.dll, TestPluginCache.GetExtensionPaths: Filtered extension paths: 
TpTrace Verbose: 0 : 12968, 1, 2024/06/03, 01:46:08.162, 949060934830, vstest.console.dll, TestPluginCache.GetExtensionPaths: Added default extension paths: C:\Program Files\dotnet\sdk\8.0.202\Extensions\Microsoft.Diagnostics.NETCore.Client.dll
C:\Program Files\dotnet\sdk\8.0.202\Extensions\Microsoft.TestPlatform.Extensions.BlameDataCollector.dll
C:\Program Files\dotnet\sdk\8.0.202\Extensions\Microsoft.TestPlatform.Extensions.EventLogCollector.dll
C:\Program Files\dotnet\sdk\8.0.202\Extensions\Microsoft.TestPlatform.TestHostRuntimeProvider.dll
C:\Program Files\dotnet\sdk\8.0.202\Extensions\Microsoft.VisualStudio.TestPlatform.Extensions.Html.TestLogger.dll
C:\Program Files\dotnet\sdk\8.0.202\Extensions\Microsoft.VisualStudio.TestPlatform.Extensions.Trx.TestLogger.dll
TpTrace Verbose: 0 : 12968, 1, 2024/06/03, 01:46:08.162, 949060935418, vstest.console.dll, TestPluginCache.GetExtensionPaths: Added unfilterableExtensionPaths: 
TpTrace Verbose: 0 : 12968, 1, 2024/06/03, 01:46:08.162, 949060936204, vstest.console.dll, TestPluginCache.DiscoverTestExtensions: Discovering the extensions using allExtensionPaths: C:\Program Files\dotnet\sdk\8.0.202\Extensions\Microsoft.Diagnostics.NETCore.Client.dll
C:\Program Files\dotnet\sdk\8.0.202\Extensions\Microsoft.TestPlatform.Extensions.BlameDataCollector.dll
C:\Program Files\dotnet\sdk\8.0.202\Extensions\Microsoft.TestPlatform.Extensions.EventLogCollector.dll
C:\Program Files\dotnet\sdk\8.0.202\Extensions\Microsoft.TestPlatform.TestHostRuntimeProvider.dll
C:\Program Files\dotnet\sdk\8.0.202\Extensions\Microsoft.VisualStudio.TestPlatform.Extensions.Html.TestLogger.dll
C:\Program Files\dotnet\sdk\8.0.202\Extensions\Microsoft.VisualStudio.TestPlatform.Extensions.Trx.TestLogger.dll
TpTrace Information: 0 : 12968, 1, 2024/06/03, 01:46:08.162, 949060937868, vstest.console.dll, AssemblyResolver.AddSearchDirectories: Adding more searchDirectories C:\Program Files\dotnet\sdk\8.0.202\Extensions,C:\Program Files\dotnet\sdk\8.0.202
TpTrace Information: 0 : 12968, 1, 2024/06/03, 01:46:08.162, 949060938734, vstest.console.dll, AssemblyResolver.AddSearchDirectories: Adding more searchDirectories C:\Program Files\dotnet\sdk\8.0.202\Extensions,C:\Program Files\dotnet\sdk\8.0.202
TpTrace Information: 0 : 12968, 1, 2024/06/03, 01:46:08.162, 949060939260, vstest.console.dll, AssemblyResolver.AddSearchDirectories: Adding more searchDirectories C:\Program Files\dotnet\sdk\8.0.202\Extensions,C:\Program Files\dotnet\sdk\8.0.202
TpTrace Information: 0 : 12968, 1, 2024/06/03, 01:46:08.162, 949060939632, vstest.console.dll, AssemblyResolver.AddSearchDirectories: Adding more searchDirectories C:\Program Files\dotnet\sdk\8.0.202\Extensions,C:\Program Files\dotnet\sdk\8.0.202
TpTrace Information: 0 : 12968, 1, 2024/06/03, 01:46:08.162, 949060940002, vstest.console.dll, AssemblyResolver.AddSearchDirectories: Adding more searchDirectories C:\Program Files\dotnet\sdk\8.0.202\Extensions,C:\Program Files\dotnet\sdk\8.0.202
TpTrace Information: 0 : 12968, 1, 2024/06/03, 01:46:08.162, 949060940416, vstest.console.dll, AssemblyResolver.AddSearchDirectories: Adding more searchDirectories C:\Program Files\dotnet\sdk\8.0.202\Extensions,C:\Program Files\dotnet\sdk\8.0.202
TpTrace Information: 0 : 12968, 1, 2024/06/03, 01:46:08.163, 949060946099, vstest.console.dll, AssemblyResolver.OnResolve: Microsoft.Diagnostics.NETCore.Client: Resolving assembly.
TpTrace Information: 0 : 12968, 1, 2024/06/03, 01:46:08.163, 949060947133, vstest.console.dll, AssemblyResolver.OnResolve: Microsoft.Diagnostics.NETCore.Client: Searching in: 'C:\Program Files\dotnet\sdk\8.0.202\Extensions'.
TpTrace Information: 0 : 12968, 1, 2024/06/03, 01:46:08.171, 949061030370, vstest.console.dll, AssemblyResolver.OnResolve: Microsoft.Diagnostics.NETCore.Client: Loading assembly 'C:\Program Files\dotnet\sdk\8.0.202\Extensions\Microsoft.Diagnostics.NETCore.Client.dll'.
TpTrace Information: 0 : 12968, 1, 2024/06/03, 01:46:08.172, 949061039204, vstest.console.dll, AssemblyResolver.OnResolve: Resolved assembly: Microsoft.Diagnostics.NETCore.Client, from path: C:\Program Files\dotnet\sdk\8.0.202\Extensions\Microsoft.Diagnostics.NETCore.Client.dll
TpTrace Verbose: 0 : 12968, 1, 2024/06/03, 01:46:08.177, 949061089939, vstest.console.dll, MetadataReaderExtensionsHelper: Discovering extensions inside assembly 'Microsoft.Diagnostics.NETCore.Client, Version=0.2.9.2401, Culture=neutral, PublicKeyToken=31bf3856ad364e35' file path 'C:\Program Files\dotnet\sdk\8.0.202\Extensions\Microsoft.Diagnostics.NETCore.Client.dll'
TpTrace Information: 0 : 12968, 1, 2024/06/03, 01:46:08.181, 949061130578, vstest.console.dll, AssemblyResolver.OnResolve: Microsoft.Bcl.AsyncInterfaces: Resolving assembly.
TpTrace Information: 0 : 12968, 1, 2024/06/03, 01:46:08.182, 949061131698, vstest.console.dll, AssemblyResolver.OnResolve: Microsoft.Bcl.AsyncInterfaces: Searching in: 'C:\Program Files\dotnet\sdk\8.0.202\Extensions'.
TpTrace Information: 0 : 12968, 1, 2024/06/03, 01:46:08.182, 949061132540, vstest.console.dll, AssemblyResolver.OnResolve: Microsoft.Bcl.AsyncInterfaces: Assembly path does not exist: 'C:\Program Files\dotnet\sdk\8.0.202\Extensions\Microsoft.Bcl.AsyncInterfaces.dll', returning.
TpTrace Information: 0 : 12968, 1, 2024/06/03, 01:46:08.182, 949061133517, vstest.console.dll, AssemblyResolver.OnResolve: Microsoft.Bcl.AsyncInterfaces: Assembly path does not exist: 'C:\Program Files\dotnet\sdk\8.0.202\Extensions\Microsoft.Bcl.AsyncInterfaces.exe', returning.
TpTrace Information: 0 : 12968, 1, 2024/06/03, 01:46:08.182, 949061133916, vstest.console.dll, AssemblyResolver.OnResolve: Microsoft.Bcl.AsyncInterfaces: Searching in: 'C:\Program Files\dotnet\sdk\8.0.202'.
TpTrace Information: 0 : 12968, 1, 2024/06/03, 01:46:08.182, 949061134605, vstest.console.dll, AssemblyResolver.OnResolve: Microsoft.Bcl.AsyncInterfaces: Assembly path does not exist: 'C:\Program Files\dotnet\sdk\8.0.202\Microsoft.Bcl.AsyncInterfaces.dll', returning.
TpTrace Information: 0 : 12968, 1, 2024/06/03, 01:46:08.182, 949061135155, vstest.console.dll, AssemblyResolver.OnResolve: Microsoft.Bcl.AsyncInterfaces: Assembly path does not exist: 'C:\Program Files\dotnet\sdk\8.0.202\Microsoft.Bcl.AsyncInterfaces.exe', returning.
TpTrace Information: 0 : 12968, 1, 2024/06/03, 01:46:08.182, 949061135474, vstest.console.dll, AssemblyResolver.OnResolve: Microsoft.Bcl.AsyncInterfaces: Failed to load assembly.
TpTrace Verbose: 0 : 12968, 1, 2024/06/03, 01:46:08.182, 949061135943, vstest.console.dll, CurrentDomainAssemblyResolve: Resolving assembly 'Microsoft.Bcl.AsyncInterfaces'.
TpTrace Information: 0 : 12968, 1, 2024/06/03, 01:46:08.182, 949061136489, vstest.console.dll, AssemblyResolver.OnResolve: Microsoft.Bcl.AsyncInterfaces: Resolving assembly.
TpTrace Information: 0 : 12968, 1, 2024/06/03, 01:46:08.182, 949061136901, vstest.console.dll, AssemblyResolver.OnResolve: Microsoft.Bcl.AsyncInterfaces: Resolved from cache.
TpTrace Verbose: 0 : 12968, 1, 2024/06/03, 01:46:08.182, 949061137176, vstest.console.dll, CurrentDomainAssemblyResolve: Resolving assembly 'Microsoft.Bcl.AsyncInterfaces'.
TpTrace Verbose: 0 : 12968, 1, 2024/06/03, 01:46:08.182, 949061137531, vstest.console.dll, CurrentDomainAssemblyResolve: Failed to resolve assembly 'Microsoft.Bcl.AsyncInterfaces'.
TpTrace Verbose: 0 : 12968, 1, 2024/06/03, 01:46:08.183, 949061143111, vstest.console.dll, CurrentDomainAssemblyResolve: Failed to resolve assembly 'Microsoft.Bcl.AsyncInterfaces'.
TpTrace Warning: 0 : 12968, 1, 2024/06/03, 01:46:08.194, 949061250929, vstest.console.dll, TestPluginDiscoverer: Failed to get types from assembly 'Microsoft.Diagnostics.NETCore.Client, Version=0.2.9.2401, Culture=neutral, PublicKeyToken=31bf3856ad364e35'. Error: System.Reflection.ReflectionTypeLoadException: Unable to load one or more of the requested types.
Could not load file or assembly 'Microsoft.Bcl.AsyncInterfaces, Version=6.0.0.0, Culture=neutral, PublicKeyToken=cc7b13ffcd2ddd51'. The system cannot find the file specified.
   at System.Reflection.RuntimeModule.GetTypes(RuntimeModule module)
   at System.Reflection.RuntimeModule.GetTypes()
   at Microsoft.VisualStudio.TestPlatform.Common.ExtensionFramework.TestPluginDiscoverer.GetTestExtensionsFromAssembly[TPluginInfo,TExtension](Assembly assembly, Dictionary`2 pluginInfos, String filePath) in /_/src/Microsoft.TestPlatform.Common/ExtensionFramework/TestPluginDiscoverer.cs:line 158
System.IO.FileNotFoundException: Could not load file or assembly 'Microsoft.Bcl.AsyncInterfaces, Version=6.0.0.0, Culture=neutral, PublicKeyToken=cc7b13ffcd2ddd51'. The system cannot find the file specified.
File name: 'Microsoft.Bcl.AsyncInterfaces, Version=6.0.0.0, Culture=neutral, PublicKeyToken=cc7b13ffcd2ddd51'
 ---> System.IO.FileNotFoundException: Could not load file or assembly 'Microsoft.Bcl.AsyncInterfaces, Culture=neutral, PublicKeyToken=null'. The system cannot find the file specified.
File name: 'Microsoft.Bcl.AsyncInterfaces, Culture=neutral, PublicKeyToken=null'
   at System.Reflection.RuntimeAssembly.InternalLoad(AssemblyName assemblyName, StackCrawlMark& stackMark, AssemblyLoadContext assemblyLoadContext, RuntimeAssembly requestingAssembly, Boolean throwOnFileNotFound)
   at System.Reflection.Assembly.Load(AssemblyName assemblyRef)
   at Microsoft.VisualStudio.TestPlatform.Common.ExtensionFramework.TestPluginCache.CurrentDomainAssemblyResolve(Object sender, AssemblyResolveEventArgs args) in /_/src/Microsoft.TestPlatform.Common/ExtensionFramework/TestPluginCache.cs:line 513
   at System.Runtime.Loader.AssemblyLoadContext.GetFirstResolvedAssemblyFromResolvingEvent(AssemblyName assemblyName)
   at System.Runtime.Loader.AssemblyLoadContext.ResolveUsingEvent(AssemblyName assemblyName)
   at System.Runtime.Loader.AssemblyLoadContext.ResolveUsingResolvingEvent(IntPtr gchManagedAssemblyLoadContext, AssemblyName assemblyName)
TpTrace Warning: 0 : 12968, 1, 2024/06/03, 01:46:08.194, 949061254617, vstest.console.dll, LoaderExceptions: System.IO.FileNotFoundException: Could not load file or assembly 'Microsoft.Bcl.AsyncInterfaces, Version=6.0.0.0, Culture=neutral, PublicKeyToken=cc7b13ffcd2ddd51'. The system cannot find the file specified.
File name: 'Microsoft.Bcl.AsyncInterfaces, Version=6.0.0.0, Culture=neutral, PublicKeyToken=cc7b13ffcd2ddd51'
 ---> System.IO.FileNotFoundException: Could not load file or assembly 'Microsoft.Bcl.AsyncInterfaces, Culture=neutral, PublicKeyToken=null'. The system cannot find the file specified.
File name: 'Microsoft.Bcl.AsyncInterfaces, Culture=neutral, PublicKeyToken=null'
   at System.Reflection.RuntimeAssembly.InternalLoad(AssemblyName assemblyName, StackCrawlMark& stackMark, AssemblyLoadContext assemblyLoadContext, RuntimeAssembly requestingAssembly, Boolean throwOnFileNotFound)
   at System.Reflection.Assembly.Load(AssemblyName assemblyRef)
   at Microsoft.VisualStudio.TestPlatform.Common.ExtensionFramework.TestPluginCache.CurrentDomainAssemblyResolve(Object sender, AssemblyResolveEventArgs args) in /_/src/Microsoft.TestPlatform.Common/ExtensionFramework/TestPluginCache.cs:line 513
   at System.Runtime.Loader.AssemblyLoadContext.GetFirstResolvedAssemblyFromResolvingEvent(AssemblyName assemblyName)
   at System.Runtime.Loader.AssemblyLoadContext.ResolveUsingEvent(AssemblyName assemblyName)
   at System.Runtime.Loader.AssemblyLoadContext.ResolveUsingResolvingEvent(IntPtr gchManagedAssemblyLoadContext, AssemblyName assemblyName)
TpTrace Information: 0 : 12968, 1, 2024/06/03, 01:46:08.194, 949061256216, vstest.console.dll, AssemblyResolver.OnResolve: Microsoft.TestPlatform.Extensions.BlameDataCollector: Resolving assembly.
TpTrace Information: 0 : 12968, 1, 2024/06/03, 01:46:08.194, 949061256668, vstest.console.dll, AssemblyResolver.OnResolve: Microsoft.TestPlatform.Extensions.BlameDataCollector: Searching in: 'C:\Program Files\dotnet\sdk\8.0.202\Extensions'.
TpTrace Information: 0 : 12968, 1, 2024/06/03, 01:46:08.194, 949061260477, vstest.console.dll, AssemblyResolver.OnResolve: Microsoft.TestPlatform.Extensions.BlameDataCollector: Loading assembly 'C:\Program Files\dotnet\sdk\8.0.202\Extensions\Microsoft.TestPlatform.Extensions.BlameDataCollector.dll'.
TpTrace Information: 0 : 12968, 1, 2024/06/03, 01:46:08.195, 949061269524, vstest.console.dll, AssemblyResolver.OnResolve: Resolved assembly: Microsoft.TestPlatform.Extensions.BlameDataCollector, from path: C:\Program Files\dotnet\sdk\8.0.202\Extensions\Microsoft.TestPlatform.Extensions.BlameDataCollector.dll
TpTrace Verbose: 0 : 12968, 1, 2024/06/03, 01:46:08.196, 949061270848, vstest.console.dll, MetadataReaderExtensionsHelper: Discovering extensions inside assembly 'Microsoft.TestPlatform.Extensions.BlameDataCollector, Version=15.0.0.0, Culture=neutral, PublicKeyToken=b03f5f7f11d50a3a' file path 'C:\Program Files\dotnet\sdk\8.0.202\Extensions\Microsoft.TestPlatform.Extensions.BlameDataCollector.dll'
TpTrace Information: 0 : 12968, 1, 2024/06/03, 01:46:08.197, 949061285867, vstest.console.dll, AssemblyResolver.OnResolve: Microsoft.TestPlatform.Extensions.EventLogCollector: Resolving assembly.
TpTrace Information: 0 : 12968, 1, 2024/06/03, 01:46:08.197, 949061286688, vstest.console.dll, AssemblyResolver.OnResolve: Microsoft.TestPlatform.Extensions.EventLogCollector: Searching in: 'C:\Program Files\dotnet\sdk\8.0.202\Extensions'.
TpTrace Information: 0 : 12968, 1, 2024/06/03, 01:46:08.197, 949061289837, vstest.console.dll, AssemblyResolver.OnResolve: Microsoft.TestPlatform.Extensions.EventLogCollector: Loading assembly 'C:\Program Files\dotnet\sdk\8.0.202\Extensions\Microsoft.TestPlatform.Extensions.EventLogCollector.dll'.
TpTrace Information: 0 : 12968, 1, 2024/06/03, 01:46:08.198, 949061295026, vstest.console.dll, AssemblyResolver.OnResolve: Resolved assembly: Microsoft.TestPlatform.Extensions.EventLogCollector, from path: C:\Program Files\dotnet\sdk\8.0.202\Extensions\Microsoft.TestPlatform.Extensions.EventLogCollector.dll
TpTrace Verbose: 0 : 12968, 1, 2024/06/03, 01:46:08.198, 949061295893, vstest.console.dll, MetadataReaderExtensionsHelper: Discovering extensions inside assembly 'Microsoft.TestPlatform.Extensions.EventLogCollector, Version=15.0.0.0, Culture=neutral, PublicKeyToken=b03f5f7f11d50a3a' file path 'C:\Program Files\dotnet\sdk\8.0.202\Extensions\Microsoft.TestPlatform.Extensions.EventLogCollector.dll'
TpTrace Information: 0 : 12968, 1, 2024/06/03, 01:46:08.200, 949061316080, vstest.console.dll, AssemblyResolver.OnResolve: Microsoft.TestPlatform.TestHostRuntimeProvider: Resolving assembly.
TpTrace Information: 0 : 12968, 1, 2024/06/03, 01:46:08.200, 949061316845, vstest.console.dll, AssemblyResolver.OnResolve: Microsoft.TestPlatform.TestHostRuntimeProvider: Searching in: 'C:\Program Files\dotnet\sdk\8.0.202\Extensions'.
TpTrace Information: 0 : 12968, 1, 2024/06/03, 01:46:08.200, 949061319278, vstest.console.dll, AssemblyResolver.OnResolve: Microsoft.TestPlatform.TestHostRuntimeProvider: Loading assembly 'C:\Program Files\dotnet\sdk\8.0.202\Extensions\Microsoft.TestPlatform.TestHostRuntimeProvider.dll'.
TpTrace Information: 0 : 12968, 1, 2024/06/03, 01:46:08.201, 949061325131, vstest.console.dll, AssemblyResolver.OnResolve: Resolved assembly: Microsoft.TestPlatform.TestHostRuntimeProvider, from path: C:\Program Files\dotnet\sdk\8.0.202\Extensions\Microsoft.TestPlatform.TestHostRuntimeProvider.dll
TpTrace Verbose: 0 : 12968, 1, 2024/06/03, 01:46:08.201, 949061326144, vstest.console.dll, MetadataReaderExtensionsHelper: Discovering extensions inside assembly 'Microsoft.TestPlatform.TestHostRuntimeProvider, Version=15.0.0.0, Culture=neutral, PublicKeyToken=b03f5f7f11d50a3a' file path 'C:\Program Files\dotnet\sdk\8.0.202\Extensions\Microsoft.TestPlatform.TestHostRuntimeProvider.dll'
TpTrace Information: 0 : 12968, 1, 2024/06/03, 01:46:08.203, 949061344711, vstest.console.dll, GetTestExtensionFromType: Register extension with identifier data 'HostProvider://DefaultTestHost' and type 'Microsoft.VisualStudio.TestPlatform.CrossPlatEngine.Hosting.DefaultTestHostManager, Microsoft.TestPlatform.TestHostRuntimeProvider, Version=15.0.0.0, Culture=neutral, PublicKeyToken=b03f5f7f11d50a3a' inside file 'C:\Program Files\dotnet\sdk\8.0.202\Extensions\Microsoft.TestPlatform.TestHostRuntimeProvider.dll'
TpTrace Information: 0 : 12968, 1, 2024/06/03, 01:46:08.203, 949061348848, vstest.console.dll, GetTestExtensionFromType: Register extension with identifier data 'HostProvider://DotnetTestHost' and type 'Microsoft.VisualStudio.TestPlatform.CrossPlatEngine.Hosting.DotnetTestHostManager, Microsoft.TestPlatform.TestHostRuntimeProvider, Version=15.0.0.0, Culture=neutral, PublicKeyToken=b03f5f7f11d50a3a' inside file 'C:\Program Files\dotnet\sdk\8.0.202\Extensions\Microsoft.TestPlatform.TestHostRuntimeProvider.dll'
TpTrace Information: 0 : 12968, 1, 2024/06/03, 01:46:08.203, 949061350336, vstest.console.dll, AssemblyResolver.OnResolve: Microsoft.VisualStudio.TestPlatform.Extensions.Html.TestLogger: Resolving assembly.
TpTrace Information: 0 : 12968, 1, 2024/06/03, 01:46:08.204, 949061351175, vstest.console.dll, AssemblyResolver.OnResolve: Microsoft.VisualStudio.TestPlatform.Extensions.Html.TestLogger: Searching in: 'C:\Program Files\dotnet\sdk\8.0.202\Extensions'.
TpTrace Information: 0 : 12968, 1, 2024/06/03, 01:46:08.204, 949061355880, vstest.console.dll, AssemblyResolver.OnResolve: Microsoft.VisualStudio.TestPlatform.Extensions.Html.TestLogger: Loading assembly 'C:\Program Files\dotnet\sdk\8.0.202\Extensions\Microsoft.VisualStudio.TestPlatform.Extensions.Html.TestLogger.dll'.
TpTrace Information: 0 : 12968, 1, 2024/06/03, 01:46:08.205, 949061363529, vstest.console.dll, AssemblyResolver.OnResolve: Resolved assembly: Microsoft.VisualStudio.TestPlatform.Extensions.Html.TestLogger, from path: C:\Program Files\dotnet\sdk\8.0.202\Extensions\Microsoft.VisualStudio.TestPlatform.Extensions.Html.TestLogger.dll
TpTrace Verbose: 0 : 12968, 1, 2024/06/03, 01:46:08.205, 949061364473, vstest.console.dll, MetadataReaderExtensionsHelper: Discovering extensions inside assembly 'Microsoft.VisualStudio.TestPlatform.Extensions.Html.TestLogger, Version=15.0.0.0, Culture=neutral, PublicKeyToken=b03f5f7f11d50a3a' file path 'C:\Program Files\dotnet\sdk\8.0.202\Extensions\Microsoft.VisualStudio.TestPlatform.Extensions.Html.TestLogger.dll'
TpTrace Information: 0 : 12968, 1, 2024/06/03, 01:46:08.206, 949061372571, vstest.console.dll, AssemblyResolver.OnResolve: Microsoft.VisualStudio.TestPlatform.Extensions.Trx.TestLogger: Resolving assembly.
TpTrace Information: 0 : 12968, 1, 2024/06/03, 01:46:08.206, 949061373233, vstest.console.dll, AssemblyResolver.OnResolve: Microsoft.VisualStudio.TestPlatform.Extensions.Trx.TestLogger: Searching in: 'C:\Program Files\dotnet\sdk\8.0.202\Extensions'.
TpTrace Information: 0 : 12968, 1, 2024/06/03, 01:46:08.206, 949061375985, vstest.console.dll, AssemblyResolver.OnResolve: Microsoft.VisualStudio.TestPlatform.Extensions.Trx.TestLogger: Loading assembly 'C:\Program Files\dotnet\sdk\8.0.202\Extensions\Microsoft.VisualStudio.TestPlatform.Extensions.Trx.TestLogger.dll'.
TpTrace Information: 0 : 12968, 1, 2024/06/03, 01:46:08.207, 949061382058, vstest.console.dll, AssemblyResolver.OnResolve: Resolved assembly: Microsoft.VisualStudio.TestPlatform.Extensions.Trx.TestLogger, from path: C:\Program Files\dotnet\sdk\8.0.202\Extensions\Microsoft.VisualStudio.TestPlatform.Extensions.Trx.TestLogger.dll
TpTrace Verbose: 0 : 12968, 1, 2024/06/03, 01:46:08.207, 949061382823, vstest.console.dll, MetadataReaderExtensionsHelper: Discovering extensions inside assembly 'Microsoft.VisualStudio.TestPlatform.Extensions.Trx.TestLogger, Version=15.0.0.0, Culture=neutral, PublicKeyToken=b03f5f7f11d50a3a' file path 'C:\Program Files\dotnet\sdk\8.0.202\Extensions\Microsoft.VisualStudio.TestPlatform.Extensions.Trx.TestLogger.dll'
TpTrace Verbose: 0 : 12968, 1, 2024/06/03, 01:46:08.208, 949061391788, vstest.console.dll, TestPluginCache: Discovered the extensions using extension path ''.
TpTrace Verbose: 0 : 12968, 1, 2024/06/03, 01:46:08.208, 949061392731, vstest.console.dll, TestPluginCache: Discoverers are ''.
TpTrace Verbose: 0 : 12968, 1, 2024/06/03, 01:46:08.208, 949061393052, vstest.console.dll, TestPluginCache: Executors are ''.
TpTrace Verbose: 0 : 12968, 1, 2024/06/03, 01:46:08.208, 949061393336, vstest.console.dll, TestPluginCache: Executors2 are ''.
TpTrace Verbose: 0 : 12968, 1, 2024/06/03, 01:46:08.208, 949061393651, vstest.console.dll, TestPluginCache: Setting providers are ''.
TpTrace Verbose: 0 : 12968, 1, 2024/06/03, 01:46:08.208, 949061394041, vstest.console.dll, TestPluginCache: Loggers are ''.
TpTrace Verbose: 0 : 12968, 1, 2024/06/03, 01:46:08.208, 949061396401, vstest.console.dll, TestPluginCache: TestHosts are 'HostProvider://DefaultTestHost,HostProvider://DotnetTestHost'.
TpTrace Verbose: 0 : 12968, 1, 2024/06/03, 01:46:08.208, 949061396980, vstest.console.dll, TestPluginCache: DataCollectors are ''.
TpTrace Information: 0 : 12968, 1, 2024/06/03, 01:46:08.227, 949061587141, vstest.console.dll, RunTestsArgumentProcessor:Execute: Test run is starting.
TpTrace Verbose: 0 : 12968, 1, 2024/06/03, 01:46:08.227, 949061588605, vstest.console.dll, RunTestsArgumentProcessor:Execute: Queuing Test run.
TpTrace Information: 0 : 12968, 1, 2024/06/03, 01:46:08.228, 949061594012, vstest.console.dll, TestRequestManager.RunTests: run tests started.
TpTrace Information: 0 : 12968, 1, 2024/06/03, 01:46:08.229, 949061609774, vstest.console.dll, AssemblyMetadataProvider.GetFrameworkName: Determined framework:'.NETCoreApp,Version=v6.0' for source: 'C:\Users\VC\Desktop\MiniProject\Job_Portal_API\BloodDonationAppTesting\bin\Debug\net6.0\fine-code-coverage\build-output\BloodDonationAppTesting.dll'
TpTrace Information: 0 : 12968, 1, 2024/06/03, 01:46:08.230, 949061611799, vstest.console.dll, Determined framework for all sources: .NETCoreApp,Version=v6.0
TpTrace Verbose: 0 : 12968, 1, 2024/06/03, 01:46:08.230, 949061615243, vstest.console.dll, TestRequestManager.UpdateRunSettingsIfRequired: Default architecture: X64 IsDefaultTargetArchitecture: True, Current process architecture: X64 OperatingSystem: Windows.
TpTrace Information: 0 : 12968, 1, 2024/06/03, 01:46:08.232, 949061634811, vstest.console.dll, AssemblyMetadataProvider.GetArchitecture: Determined architecture:AnyCPU info for assembly: C:\Users\VC\Desktop\MiniProject\Job_Portal_API\BloodDonationAppTesting\bin\Debug\net6.0\fine-code-coverage\build-output\BloodDonationAppTesting.dll
TpTrace Information: 0 : 12968, 1, 2024/06/03, 01:46:08.232, 949061635818, vstest.console.dll, Determined platform for source 'C:\Users\VC\Desktop\MiniProject\Job_Portal_API\BloodDonationAppTesting\bin\Debug\net6.0\fine-code-coverage\build-output\BloodDonationAppTesting.dll' was AnyCPU and it will use the default plaform X64.
TpTrace Information: 0 : 12968, 1, 2024/06/03, 01:46:08.232, 949061636285, vstest.console.dll, None of the sources provided any runnable platform, using the default platform: X64
TpTrace Information: 0 : 12968, 1, 2024/06/03, 01:46:08.232, 949061637700, vstest.console.dll, Platform was updated to 'X64'.
TpTrace Information: 0 : 12968, 1, 2024/06/03, 01:46:08.237, 949061681794, vstest.console.dll, InferRunSettingsHelper.IsTestSettingsEnabled: Unable to navigate to RunSettings/MSTest. Current node: RunSettings
TpTrace Information: 0 : 12968, 1, 2024/06/03, 01:46:08.237, 949061690246, vstest.console.dll, AssemblyResolver.OnResolve: Microsoft.VisualStudio.TestPlatform.Fakes: Resolving assembly.
TpTrace Information: 0 : 12968, 1, 2024/06/03, 01:46:08.238, 949061691173, vstest.console.dll, AssemblyResolver.OnResolve: Microsoft.VisualStudio.TestPlatform.Fakes: Searching in: 'C:\Program Files\dotnet\sdk\8.0.202\Extensions'.
TpTrace Information: 0 : 12968, 1, 2024/06/03, 01:46:08.238, 949061692452, vstest.console.dll, AssemblyResolver.OnResolve: Microsoft.VisualStudio.TestPlatform.Fakes: Assembly path does not exist: 'C:\Program Files\dotnet\sdk\8.0.202\Extensions\Microsoft.VisualStudio.TestPlatform.Fakes.dll', returning.
TpTrace Information: 0 : 12968, 1, 2024/06/03, 01:46:08.238, 949061693356, vstest.console.dll, AssemblyResolver.OnResolve: Microsoft.VisualStudio.TestPlatform.Fakes: Assembly path does not exist: 'C:\Program Files\dotnet\sdk\8.0.202\Extensions\Microsoft.VisualStudio.TestPlatform.Fakes.exe', returning.
TpTrace Information: 0 : 12968, 1, 2024/06/03, 01:46:08.238, 949061693977, vstest.console.dll, AssemblyResolver.OnResolve: Microsoft.VisualStudio.TestPlatform.Fakes: Searching in: 'C:\Program Files\dotnet\sdk\8.0.202'.
TpTrace Information: 0 : 12968, 1, 2024/06/03, 01:46:08.238, 949061694880, vstest.console.dll, AssemblyResolver.OnResolve: Microsoft.VisualStudio.TestPlatform.Fakes: Assembly path does not exist: 'C:\Program Files\dotnet\sdk\8.0.202\Microsoft.VisualStudio.TestPlatform.Fakes.dll', returning.
TpTrace Information: 0 : 12968, 1, 2024/06/03, 01:46:08.238, 949061695692, vstest.console.dll, AssemblyResolver.OnResolve: Microsoft.VisualStudio.TestPlatform.Fakes: Assembly path does not exist: 'C:\Program Files\dotnet\sdk\8.0.202\Microsoft.VisualStudio.TestPlatform.Fakes.exe', returning.
TpTrace Information: 0 : 12968, 1, 2024/06/03, 01:46:08.238, 949061696140, vstest.console.dll, AssemblyResolver.OnResolve: Microsoft.VisualStudio.TestPlatform.Fakes: Failed to load assembly.
TpTrace Information: 0 : 12968, 1, 2024/06/03, 01:46:08.238, 949061699791, vstest.console.dll, Failed to load assembly Microsoft.VisualStudio.TestPlatform.Fakes, Version=17.0.0.0, Culture=neutral. Reason:System.IO.FileNotFoundException: Could not load file or assembly 'Microsoft.VisualStudio.TestPlatform.Fakes, Version=17.0.0.0, Culture=neutral, PublicKeyToken=null'. The system cannot find the file specified.
File name: 'Microsoft.VisualStudio.TestPlatform.Fakes, Version=17.0.0.0, Culture=neutral, PublicKeyToken=null'
   at System.Reflection.RuntimeAssembly.InternalLoad(AssemblyName assemblyName, StackCrawlMark& stackMark, AssemblyLoadContext assemblyLoadContext, RuntimeAssembly requestingAssembly, Boolean throwOnFileNotFound)
   at System.Reflection.Assembly.Load(AssemblyName assemblyRef)
   at Microsoft.VisualStudio.TestPlatform.Common.Utilities.FakesUtilities.LoadTestPlatformAssembly() in /_/src/Microsoft.TestPlatform.Common/Utilities/FakesUtilities.cs:line 272
TpTrace Verbose: 0 : 12968, 1, 2024/06/03, 01:46:08.242, 949061739929, vstest.console.dll, TestPluginCache.DiscoverTestExtensions: finding test extensions in assemblies ends with: TestLogger.dll TPluginInfo: Microsoft.VisualStudio.TestPlatform.Common.ExtensionFramework.Utilities.TestLoggerPluginInformation TExtension: Microsoft.VisualStudio.TestPlatform.ObjectModel.Client.ITestLogger
TpTrace Verbose: 0 : 12968, 1, 2024/06/03, 01:46:08.243, 949061741521, vstest.console.dll, TestPluginCache.GetExtensionPaths: Filtered extension paths: 
TpTrace Verbose: 0 : 12968, 1, 2024/06/03, 01:46:08.243, 949061741976, vstest.console.dll, TestPluginCache.GetExtensionPaths: Added default extension paths: C:\Program Files\dotnet\sdk\8.0.202\Extensions\Microsoft.Diagnostics.NETCore.Client.dll
C:\Program Files\dotnet\sdk\8.0.202\Extensions\Microsoft.TestPlatform.Extensions.BlameDataCollector.dll
C:\Program Files\dotnet\sdk\8.0.202\Extensions\Microsoft.TestPlatform.Extensions.EventLogCollector.dll
C:\Program Files\dotnet\sdk\8.0.202\Extensions\Microsoft.TestPlatform.TestHostRuntimeProvider.dll
C:\Program Files\dotnet\sdk\8.0.202\Extensions\Microsoft.VisualStudio.TestPlatform.Extensions.Html.TestLogger.dll
C:\Program Files\dotnet\sdk\8.0.202\Extensions\Microsoft.VisualStudio.TestPlatform.Extensions.Trx.TestLogger.dll
TpTrace Verbose: 0 : 12968, 1, 2024/06/03, 01:46:08.243, 949061742488, vstest.console.dll, TestPluginCache.GetExtensionPaths: Added unfilterableExtensionPaths: 
TpTrace Information: 0 : 12968, 1, 2024/06/03, 01:46:08.243, 949061743998, vstest.console.dll, AssemblyResolver.AddSearchDirectories: Adding more searchDirectories C:\Program Files\dotnet\sdk\8.0.202\Extensions,C:\Program Files\dotnet\sdk\8.0.202
TpTrace Verbose: 0 : 12968, 1, 2024/06/03, 01:46:08.243, 949061744642, vstest.console.dll, TestPluginCache.DiscoverTestExtensions: Discovering the extensions using extension path.
TpTrace Verbose: 0 : 12968, 1, 2024/06/03, 01:46:08.243, 949061745312, vstest.console.dll, TestPluginCache.GetExtensionPaths: Filtered extension paths: 
TpTrace Verbose: 0 : 12968, 1, 2024/06/03, 01:46:08.243, 949061745821, vstest.console.dll, TestPluginCache.GetExtensionPaths: Added default extension paths: C:\Program Files\dotnet\sdk\8.0.202\Extensions\Microsoft.Diagnostics.NETCore.Client.dll
C:\Program Files\dotnet\sdk\8.0.202\Extensions\Microsoft.TestPlatform.Extensions.BlameDataCollector.dll
C:\Program Files\dotnet\sdk\8.0.202\Extensions\Microsoft.TestPlatform.Extensions.EventLogCollector.dll
C:\Program Files\dotnet\sdk\8.0.202\Extensions\Microsoft.TestPlatform.TestHostRuntimeProvider.dll
C:\Program Files\dotnet\sdk\8.0.202\Extensions\Microsoft.VisualStudio.TestPlatform.Extensions.Html.TestLogger.dll
C:\Program Files\dotnet\sdk\8.0.202\Extensions\Microsoft.VisualStudio.TestPlatform.Extensions.Trx.TestLogger.dll
TpTrace Verbose: 0 : 12968, 1, 2024/06/03, 01:46:08.243, 949061746916, vstest.console.dll, TestPluginCache.GetExtensionPaths: Added unfilterableExtensionPaths: 
TpTrace Verbose: 0 : 12968, 1, 2024/06/03, 01:46:08.243, 949061747774, vstest.console.dll, TestPluginCache.DiscoverTestExtensions: Discovering the extensions using allExtensionPaths: C:\Program Files\dotnet\sdk\8.0.202\Extensions\Microsoft.Diagnostics.NETCore.Client.dll
C:\Program Files\dotnet\sdk\8.0.202\Extensions\Microsoft.TestPlatform.Extensions.BlameDataCollector.dll
C:\Program Files\dotnet\sdk\8.0.202\Extensions\Microsoft.TestPlatform.Extensions.EventLogCollector.dll
C:\Program Files\dotnet\sdk\8.0.202\Extensions\Microsoft.TestPlatform.TestHostRuntimeProvider.dll
C:\Program Files\dotnet\sdk\8.0.202\Extensions\Microsoft.VisualStudio.TestPlatform.Extensions.Html.TestLogger.dll
C:\Program Files\dotnet\sdk\8.0.202\Extensions\Microsoft.VisualStudio.TestPlatform.Extensions.Trx.TestLogger.dll
TpTrace Information: 0 : 12968, 1, 2024/06/03, 01:46:08.243, 949061749277, vstest.console.dll, AssemblyResolver.AddSearchDirectories: Adding more searchDirectories C:\Program Files\dotnet\sdk\8.0.202\Extensions,C:\Program Files\dotnet\sdk\8.0.202
TpTrace Information: 0 : 12968, 1, 2024/06/03, 01:46:08.243, 949061749913, vstest.console.dll, AssemblyResolver.AddSearchDirectories: Adding more searchDirectories C:\Program Files\dotnet\sdk\8.0.202\Extensions,C:\Program Files\dotnet\sdk\8.0.202
TpTrace Information: 0 : 12968, 1, 2024/06/03, 01:46:08.243, 949061750362, vstest.console.dll, AssemblyResolver.AddSearchDirectories: Adding more searchDirectories C:\Program Files\dotnet\sdk\8.0.202\Extensions,C:\Program Files\dotnet\sdk\8.0.202
TpTrace Information: 0 : 12968, 1, 2024/06/03, 01:46:08.244, 949061750821, vstest.console.dll, AssemblyResolver.AddSearchDirectories: Adding more searchDirectories C:\Program Files\dotnet\sdk\8.0.202\Extensions,C:\Program Files\dotnet\sdk\8.0.202
TpTrace Information: 0 : 12968, 1, 2024/06/03, 01:46:08.244, 949061751396, vstest.console.dll, AssemblyResolver.AddSearchDirectories: Adding more searchDirectories C:\Program Files\dotnet\sdk\8.0.202\Extensions,C:\Program Files\dotnet\sdk\8.0.202
TpTrace Information: 0 : 12968, 1, 2024/06/03, 01:46:08.244, 949061751800, vstest.console.dll, AssemblyResolver.AddSearchDirectories: Adding more searchDirectories C:\Program Files\dotnet\sdk\8.0.202\Extensions,C:\Program Files\dotnet\sdk\8.0.202
TpTrace Verbose: 0 : 12968, 1, 2024/06/03, 01:46:08.244, 949061753573, vstest.console.dll, MetadataReaderExtensionsHelper: Discovering extensions inside assembly 'Microsoft.Diagnostics.NETCore.Client, Version=0.2.9.2401, Culture=neutral, PublicKeyToken=31bf3856ad364e35' file path 'C:\Program Files\dotnet\sdk\8.0.202\Extensions\Microsoft.Diagnostics.NETCore.Client.dll'
TpTrace Information: 0 : 12968, 1, 2024/06/03, 01:46:08.245, 949061762774, vstest.console.dll, AssemblyResolver.OnResolve: Microsoft.Bcl.AsyncInterfaces: Resolving assembly.
TpTrace Information: 0 : 12968, 1, 2024/06/03, 01:46:08.245, 949061763745, vstest.console.dll, AssemblyResolver.OnResolve: Microsoft.Bcl.AsyncInterfaces: Resolved from cache.
TpTrace Verbose: 0 : 12968, 1, 2024/06/03, 01:46:08.245, 949061764087, vstest.console.dll, CurrentDomainAssemblyResolve: Resolving assembly 'Microsoft.Bcl.AsyncInterfaces'.
TpTrace Information: 0 : 12968, 1, 2024/06/03, 01:46:08.245, 949061764619, vstest.console.dll, AssemblyResolver.OnResolve: Microsoft.Bcl.AsyncInterfaces: Resolving assembly.
TpTrace Information: 0 : 12968, 1, 2024/06/03, 01:46:08.245, 949061764939, vstest.console.dll, AssemblyResolver.OnResolve: Microsoft.Bcl.AsyncInterfaces: Resolved from cache.
TpTrace Verbose: 0 : 12968, 1, 2024/06/03, 01:46:08.245, 949061765235, vstest.console.dll, CurrentDomainAssemblyResolve: Resolving assembly 'Microsoft.Bcl.AsyncInterfaces'.
TpTrace Verbose: 0 : 12968, 1, 2024/06/03, 01:46:08.245, 949061765525, vstest.console.dll, CurrentDomainAssemblyResolve: Failed to resolve assembly 'Microsoft.Bcl.AsyncInterfaces'.
TpTrace Verbose: 0 : 12968, 1, 2024/06/03, 01:46:08.245, 949061767010, vstest.console.dll, CurrentDomainAssemblyResolve: Failed to resolve assembly 'Microsoft.Bcl.AsyncInterfaces'.
TpTrace Warning: 0 : 12968, 1, 2024/06/03, 01:46:08.245, 949061770518, vstest.console.dll, TestPluginDiscoverer: Failed to get types from assembly 'Microsoft.Diagnostics.NETCore.Client, Version=0.2.9.2401, Culture=neutral, PublicKeyToken=31bf3856ad364e35'. Error: System.Reflection.ReflectionTypeLoadException: Unable to load one or more of the requested types.
Could not load file or assembly 'Microsoft.Bcl.AsyncInterfaces, Version=6.0.0.0, Culture=neutral, PublicKeyToken=cc7b13ffcd2ddd51'. The system cannot find the file specified.
   at System.Reflection.RuntimeModule.GetTypes(RuntimeModule module)
   at System.Reflection.RuntimeModule.GetTypes()
   at Microsoft.VisualStudio.TestPlatform.Common.ExtensionFramework.TestPluginDiscoverer.GetTestExtensionsFromAssembly[TPluginInfo,TExtension](Assembly assembly, Dictionary`2 pluginInfos, String filePath) in /_/src/Microsoft.TestPlatform.Common/ExtensionFramework/TestPluginDiscoverer.cs:line 158
System.IO.FileNotFoundException: Could not load file or assembly 'Microsoft.Bcl.AsyncInterfaces, Version=6.0.0.0, Culture=neutral, PublicKeyToken=cc7b13ffcd2ddd51'. The system cannot find the file specified.
File name: 'Microsoft.Bcl.AsyncInterfaces, Version=6.0.0.0, Culture=neutral, PublicKeyToken=cc7b13ffcd2ddd51'
 ---> System.IO.FileNotFoundException: Could not load file or assembly 'Microsoft.Bcl.AsyncInterfaces, Culture=neutral, PublicKeyToken=null'. The system cannot find the file specified.
File name: 'Microsoft.Bcl.AsyncInterfaces, Culture=neutral, PublicKeyToken=null'
   at System.Reflection.RuntimeAssembly.InternalLoad(AssemblyName assemblyName, StackCrawlMark& stackMark, AssemblyLoadContext assemblyLoadContext, RuntimeAssembly requestingAssembly, Boolean throwOnFileNotFound)
   at System.Reflection.Assembly.Load(AssemblyName assemblyRef)
   at Microsoft.VisualStudio.TestPlatform.Common.ExtensionFramework.TestPluginCache.CurrentDomainAssemblyResolve(Object sender, AssemblyResolveEventArgs args) in /_/src/Microsoft.TestPlatform.Common/ExtensionFramework/TestPluginCache.cs:line 513
   at System.Runtime.Loader.AssemblyLoadContext.GetFirstResolvedAssemblyFromResolvingEvent(AssemblyName assemblyName)
   at System.Runtime.Loader.AssemblyLoadContext.ResolveUsingEvent(AssemblyName assemblyName)
   at System.Runtime.Loader.AssemblyLoadContext.ResolveUsingResolvingEvent(IntPtr gchManagedAssemblyLoadContext, AssemblyName assemblyName)
TpTrace Warning: 0 : 12968, 1, 2024/06/03, 01:46:08.246, 949061772834, vstest.console.dll, LoaderExceptions: System.IO.FileNotFoundException: Could not load file or assembly 'Microsoft.Bcl.AsyncInterfaces, Version=6.0.0.0, Culture=neutral, PublicKeyToken=cc7b13ffcd2ddd51'. The system cannot find the file specified.
File name: 'Microsoft.Bcl.AsyncInterfaces, Version=6.0.0.0, Culture=neutral, PublicKeyToken=cc7b13ffcd2ddd51'
 ---> System.IO.FileNotFoundException: Could not load file or assembly 'Microsoft.Bcl.AsyncInterfaces, Culture=neutral, PublicKeyToken=null'. The system cannot find the file specified.
File name: 'Microsoft.Bcl.AsyncInterfaces, Culture=neutral, PublicKeyToken=null'
   at System.Reflection.RuntimeAssembly.InternalLoad(AssemblyName assemblyName, StackCrawlMark& stackMark, AssemblyLoadContext assemblyLoadContext, RuntimeAssembly requestingAssembly, Boolean throwOnFileNotFound)
   at System.Reflection.Assembly.Load(AssemblyName assemblyRef)
   at Microsoft.VisualStudio.TestPlatform.Common.ExtensionFramework.TestPluginCache.CurrentDomainAssemblyResolve(Object sender, AssemblyResolveEventArgs args) in /_/src/Microsoft.TestPlatform.Common/ExtensionFramework/TestPluginCache.cs:line 513
   at System.Runtime.Loader.AssemblyLoadContext.GetFirstResolvedAssemblyFromResolvingEvent(AssemblyName assemblyName)
   at System.Runtime.Loader.AssemblyLoadContext.ResolveUsingEvent(AssemblyName assemblyName)
   at System.Runtime.Loader.AssemblyLoadContext.ResolveUsingResolvingEvent(IntPtr gchManagedAssemblyLoadContext, AssemblyName assemblyName)
TpTrace Verbose: 0 : 12968, 1, 2024/06/03, 01:46:08.246, 949061773815, vstest.console.dll, MetadataReaderExtensionsHelper: Discovering extensions inside assembly 'Microsoft.TestPlatform.Extensions.BlameDataCollector, Version=15.0.0.0, Culture=neutral, PublicKeyToken=b03f5f7f11d50a3a' file path 'C:\Program Files\dotnet\sdk\8.0.202\Extensions\Microsoft.TestPlatform.Extensions.BlameDataCollector.dll'
TpTrace Information: 0 : 12968, 1, 2024/06/03, 01:46:08.246, 949061778516, vstest.console.dll, GetTestExtensionFromType: Register extension with identifier data 'logger://Microsoft/TestPlatform/Extensions/Blame/v1' and type 'Microsoft.TestPlatform.Extensions.BlameDataCollector.BlameLogger, Microsoft.TestPlatform.Extensions.BlameDataCollector, Version=15.0.0.0, Culture=neutral, PublicKeyToken=b03f5f7f11d50a3a' inside file 'C:\Program Files\dotnet\sdk\8.0.202\Extensions\Microsoft.TestPlatform.Extensions.BlameDataCollector.dll'
TpTrace Verbose: 0 : 12968, 1, 2024/06/03, 01:46:08.246, 949061779312, vstest.console.dll, MetadataReaderExtensionsHelper: Discovering extensions inside assembly 'Microsoft.TestPlatform.Extensions.EventLogCollector, Version=15.0.0.0, Culture=neutral, PublicKeyToken=b03f5f7f11d50a3a' file path 'C:\Program Files\dotnet\sdk\8.0.202\Extensions\Microsoft.TestPlatform.Extensions.EventLogCollector.dll'
TpTrace Verbose: 0 : 12968, 1, 2024/06/03, 01:46:08.247, 949061782092, vstest.console.dll, MetadataReaderExtensionsHelper: Discovering extensions inside assembly 'Microsoft.TestPlatform.TestHostRuntimeProvider, Version=15.0.0.0, Culture=neutral, PublicKeyToken=b03f5f7f11d50a3a' file path 'C:\Program Files\dotnet\sdk\8.0.202\Extensions\Microsoft.TestPlatform.TestHostRuntimeProvider.dll'
TpTrace Verbose: 0 : 12968, 1, 2024/06/03, 01:46:08.247, 949061785019, vstest.console.dll, MetadataReaderExtensionsHelper: Discovering extensions inside assembly 'Microsoft.VisualStudio.TestPlatform.Extensions.Html.TestLogger, Version=15.0.0.0, Culture=neutral, PublicKeyToken=b03f5f7f11d50a3a' file path 'C:\Program Files\dotnet\sdk\8.0.202\Extensions\Microsoft.VisualStudio.TestPlatform.Extensions.Html.TestLogger.dll'
TpTrace Information: 0 : 12968, 1, 2024/06/03, 01:46:08.247, 949061790181, vstest.console.dll, GetTestExtensionFromType: Register extension with identifier data 'logger://Microsoft/TestPlatform/HtmlLogger/v1' and type 'Microsoft.VisualStudio.TestPlatform.Extensions.HtmlLogger.HtmlLogger, Microsoft.VisualStudio.TestPlatform.Extensions.Html.TestLogger, Version=15.0.0.0, Culture=neutral, PublicKeyToken=b03f5f7f11d50a3a' inside file 'C:\Program Files\dotnet\sdk\8.0.202\Extensions\Microsoft.VisualStudio.TestPlatform.Extensions.Html.TestLogger.dll'
TpTrace Verbose: 0 : 12968, 1, 2024/06/03, 01:46:08.248, 949061790871, vstest.console.dll, MetadataReaderExtensionsHelper: Discovering extensions inside assembly 'Microsoft.VisualStudio.TestPlatform.Extensions.Trx.TestLogger, Version=15.0.0.0, Culture=neutral, PublicKeyToken=b03f5f7f11d50a3a' file path 'C:\Program Files\dotnet\sdk\8.0.202\Extensions\Microsoft.VisualStudio.TestPlatform.Extensions.Trx.TestLogger.dll'
TpTrace Information: 0 : 12968, 1, 2024/06/03, 01:46:08.248, 949061794045, vstest.console.dll, GetTestExtensionFromType: Register extension with identifier data 'logger://Microsoft/TestPlatform/TrxLogger/v1' and type 'Microsoft.VisualStudio.TestPlatform.Extensions.TrxLogger.TrxLogger, Microsoft.VisualStudio.TestPlatform.Extensions.Trx.TestLogger, Version=15.0.0.0, Culture=neutral, PublicKeyToken=b03f5f7f11d50a3a' inside file 'C:\Program Files\dotnet\sdk\8.0.202\Extensions\Microsoft.VisualStudio.TestPlatform.Extensions.Trx.TestLogger.dll'
TpTrace Verbose: 0 : 12968, 1, 2024/06/03, 01:46:08.248, 949061794860, vstest.console.dll, TestPluginCache: Discovered the extensions using extension path ''.
TpTrace Verbose: 0 : 12968, 1, 2024/06/03, 01:46:08.248, 949061795197, vstest.console.dll, TestPluginCache: Discoverers are ''.
TpTrace Verbose: 0 : 12968, 1, 2024/06/03, 01:46:08.248, 949061795482, vstest.console.dll, TestPluginCache: Executors are ''.
TpTrace Verbose: 0 : 12968, 1, 2024/06/03, 01:46:08.248, 949061795763, vstest.console.dll, TestPluginCache: Executors2 are ''.
TpTrace Verbose: 0 : 12968, 1, 2024/06/03, 01:46:08.248, 949061796157, vstest.console.dll, TestPluginCache: Setting providers are ''.
TpTrace Verbose: 0 : 12968, 1, 2024/06/03, 01:46:08.248, 949061796936, vstest.console.dll, TestPluginCache: Loggers are 'logger://Microsoft/TestPlatform/Extensions/Blame/v1,logger://Microsoft/TestPlatform/HtmlLogger/v1,logger://Microsoft/TestPlatform/TrxLogger/v1'.
TpTrace Verbose: 0 : 12968, 1, 2024/06/03, 01:46:08.248, 949061797412, vstest.console.dll, TestPluginCache: TestHosts are 'HostProvider://DefaultTestHost,HostProvider://DotnetTestHost'.
TpTrace Verbose: 0 : 12968, 1, 2024/06/03, 01:46:08.248, 949061797736, vstest.console.dll, TestPluginCache: DataCollectors are ''.
TpTrace Information: 0 : 12968, 1, 2024/06/03, 01:46:08.249, 949061805585, vstest.console.dll, TestPluginManager.CreateTestExtension: Attempting to load test extension: Microsoft.TestPlatform.Extensions.BlameDataCollector.BlameLogger
TpTrace Verbose: 0 : 12968, 1, 2024/06/03, 01:46:08.256, 949061877335, vstest.console.dll, TestEngine: Initializing Parallel Execution as MaxCpuCount is set to: 1
TpTrace Information: 0 : 12968, 1, 2024/06/03, 01:46:08.258, 949061891568, vstest.console.dll, TestPluginManager.CreateTestExtension: Attempting to load test extension: Microsoft.VisualStudio.TestPlatform.CrossPlatEngine.Hosting.DefaultTestHostManager
TpTrace Information: 0 : 12968, 1, 2024/06/03, 01:46:08.259, 949061901425, vstest.console.dll, TestPluginManager.CreateTestExtension: Attempting to load test extension: Microsoft.VisualStudio.TestPlatform.CrossPlatEngine.Hosting.DotnetTestHostManager
TpTrace Information: 0 : 12968, 1, 2024/06/03, 01:46:08.259, 949061906743, vstest.console.dll, InferRunSettingsHelper.IsTestSettingsEnabled: Unable to navigate to RunSettings/MSTest. Current node: RunSettings
TpTrace Verbose: 0 : 12968, 1, 2024/06/03, 01:46:08.260, 949061917372, vstest.console.dll, ParallelOperationManager.ClearSlots: Clearing all slots. Slots should accept more work: True
TpTrace Verbose: 0 : 12968, 1, 2024/06/03, 01:46:08.261, 949061923543, vstest.console.dll, ParallelOperationManager.SetOccupiedSlotCount: Setting slot counts AvailableSlotCount = 1, OccupiedSlotCount = 0.
TpTrace Verbose: 0 : 12968, 1, 2024/06/03, 01:46:08.261, 949061926451, vstest.console.dll, Occupied slots:

TpTrace Verbose: 0 : 12968, 1, 2024/06/03, 01:46:08.264, 949061958357, vstest.console.dll, TestEngine.GetExecutionManager: Chosen execution manager 'Microsoft.VisualStudio.TestPlatform.CrossPlatEngine.Client.Parallel.ParallelProxyExecutionManager, Microsoft.TestPlatform.CrossPlatEngine, Version=15.0.0.0, Culture=neutral, PublicKeyToken=b03f5f7f11d50a3a' ParallelLevel '1'.
TpTrace Verbose: 0 : 12968, 1, 2024/06/03, 01:46:08.264, 949061959976, vstest.console.dll, TestRunRequest.ExecuteAsync: Creating test run request.
TpTrace Verbose: 0 : 12968, 1, 2024/06/03, 01:46:08.265, 949061962132, vstest.console.dll, TestRunRequest.ExecuteAsync: Starting.
TpTrace Information: 0 : 12968, 1, 2024/06/03, 01:46:08.266, 949061974422, vstest.console.dll, TestRunRequest.ExecuteAsync: Starting run with settings:TestRunCriteria:
   KeepAlive=False,FrequencyOfRunStatsChangeEvent=10,RunStatsChangeEventTimeout=00:00:01.5000000,TestCaseFilter=,TestExecutorLauncher=
   Settingsxml=<RunSettings>
  <RunConfiguration>
    <ResultsDirectory>C:\Users\VC\Desktop\MiniProject\Job_Portal_API\BloodDonationAppTesting\bin\Debug\net6.0\fine-code-coverage\coverage-tool-output</ResultsDirectory>
    <TargetPlatform>X64</TargetPlatform>
    <TargetFrameworkVersion>.NETCoreApp,Version=v6.0</TargetFrameworkVersion>
    <DesignMode>False</DesignMode>
    <CollectSourceInformation>False</CollectSourceInformation>
  </RunConfiguration>
  <LoggerRunSettings>
    <Loggers>
      <Logger friendlyName="blame" enabled="True" />
      <Logger friendlyName="Console" uri="logger://microsoft/TestPlatform/ConsoleLogger/v1" assemblyQualifiedName="Microsoft.VisualStudio.TestPlatform.CommandLine.Internal.ConsoleLogger, vstest.console, Version=15.0.0.0, Culture=neutral, PublicKeyToken=b03f5f7f11d50a3a" codeBase="C:\Program Files\dotnet\sdk\8.0.202\vstest.console.dll" enabled="True" />
    </Loggers>
  </LoggerRunSettings>
  <DataCollectionRunSettings>
    <DataCollectors>
      <DataCollector friendlyName="blame" enabled="True">
        <Configuration>
          <ResultsDirectory>C:\Users\VC\Desktop\MiniProject\Job_Portal_API\BloodDonationAppTesting\bin\Debug\net6.0\fine-code-coverage\coverage-tool-output</ResultsDirectory>
        </Configuration>
      </DataCollector>
    </DataCollectors>
  </DataCollectionRunSettings>
</RunSettings>

TpTrace Verbose: 0 : 12968, 1, 2024/06/03, 01:46:08.266, 949061975328, vstest.console.dll, TestRunRequest.ExecuteAsync: Wait for the first run request is over.
TpTrace Verbose: 0 : 12968, 1, 2024/06/03, 01:46:08.266, 949061978443, vstest.console.dll, MulticastDelegateUtilities.SafeInvoke: TestRun.TestRunStart: Invoking callbacks was skipped because there are no subscribers.
TpTrace Verbose: 0 : 12968, 4, 2024/06/03, 01:46:08.266, 949061980400, vstest.console.dll, MulticastDelegateUtilities.SafeInvoke: InternalTestLoggerEvents.SendTestRunStart: Invoking callback 1/1 for Microsoft.VisualStudio.TestPlatform.CommandLine.Internal.ConsoleLogger., took 0 ms.
TpTrace Verbose: 0 : 12968, 1, 2024/06/03, 01:46:08.267, 949061987966, vstest.console.dll, ParallelProxyExecutionManager: Start execution. Total sources: 1
TpTrace Verbose: 0 : 12968, 1, 2024/06/03, 01:46:08.268, 949061991179, vstest.console.dll, ParallelOperationManager.StartWork: Starting adding 1 workloads.
TpTrace Verbose: 0 : 12968, 1, 2024/06/03, 01:46:08.268, 949061991912, vstest.console.dll, ParallelOperationManager.ClearSlots: Clearing all slots. Slots should accept more work: True
TpTrace Verbose: 0 : 12968, 1, 2024/06/03, 01:46:08.268, 949061992613, vstest.console.dll, ParallelOperationManager.SetOccupiedSlotCount: Setting slot counts AvailableSlotCount = 1, OccupiedSlotCount = 0.
TpTrace Verbose: 0 : 12968, 1, 2024/06/03, 01:46:08.268, 949061993000, vstest.console.dll, Occupied slots:

TpTrace Verbose: 0 : 12968, 1, 2024/06/03, 01:46:08.269, 949062006471, vstest.console.dll, TestRequestSender is acting as server.
TpTrace Verbose: 0 : 12968, 1, 2024/06/03, 01:46:08.271, 949062022616, vstest.console.dll, ParallelOperationManager.RunWorkInParallel: Adding 1 workload to slot, remaining workloads 0.
TpTrace Verbose: 0 : 12968, 1, 2024/06/03, 01:46:08.271, 949062023366, vstest.console.dll, ParallelOperationManager.SetOccupiedSlotCount: Setting slot counts AvailableSlotCount = 0, OccupiedSlotCount = 1.
TpTrace Verbose: 0 : 12968, 1, 2024/06/03, 01:46:08.271, 949062024481, vstest.console.dll, Occupied slots:
0: C:\Users\VC\Desktop\MiniProject\Job_Portal_API\BloodDonationAppTesting\bin\Debug\net6.0\fine-code-coverage\build-output\BloodDonationAppTesting.dll
TpTrace Verbose: 0 : 12968, 1, 2024/06/03, 01:46:08.272, 949062034850, vstest.console.dll, ParallelOperationManager.RunWorkInParallel: Started host in slot number 0 for work (source): C:\Users\VC\Desktop\MiniProject\Job_Portal_API\BloodDonationAppTesting\bin\Debug\net6.0\fine-code-coverage\build-output\BloodDonationAppTesting.dll.
TpTrace Verbose: 0 : 12968, 1, 2024/06/03, 01:46:08.273, 949062046044, vstest.console.dll, ParallelOperationManager.RunWorkInParallel: We started 1 work items, which is the max parallel level. Won't start more work.
TpTrace Verbose: 0 : 12968, 1, 2024/06/03, 01:46:08.273, 949062047043, vstest.console.dll, ParallelOperationManager.RunWorkInParallel: We started 1 work items in here, returning True.
TpTrace Information: 0 : 12968, 1, 2024/06/03, 01:46:08.273, 949062047589, vstest.console.dll, TestRunRequest.ExecuteAsync: Started.
TpTrace Verbose: 0 : 12968, 5, 2024/06/03, 01:46:08.273, 949062048066, vstest.console.dll, ParallelProxyExecutionManager.StartTestRunOnConcurrentManager: Initializing uninitialized client. Started clients: 0
TpTrace Verbose: 0 : 12968, 5, 2024/06/03, 01:46:08.273, 949062049962, vstest.console.dll, DataCollectionRequestSender.InitializeCommunication : Initialize communication. 
TpTrace Verbose: 0 : 12968, 1, 2024/06/03, 01:46:08.274, 949062053374, vstest.console.dll, TestRunRequest.WaitForCompletion: Waiting with timeout -1.
TpTrace Information: 0 : 12968, 5, 2024/06/03, 01:46:08.281, 949062130632, vstest.console.dll, Listening on Endpoint : 127.0.0.1:54004
TpTrace Verbose: 0 : 12968, 5, 2024/06/03, 01:46:08.288, 949062191908, vstest.console.dll, DotnetDataCollectionLauncher: Adding  --runtimeconfig "C:\Program Files\dotnet\sdk\8.0.202\datacollector.runtimeconfig.json" in args
TpTrace Verbose: 0 : 12968, 5, 2024/06/03, 01:46:08.288, 949062193424, vstest.console.dll, DotnetDataCollectionLauncher: Adding  --depsfile "C:\Program Files\dotnet\sdk\8.0.202\datacollector.deps.json" in args
TpTrace Verbose: 0 : 12968, 5, 2024/06/03, 01:46:08.288, 949062200675, vstest.console.dll, DotnetDataCollectionLauncher: Full path of dotnet.exe is C:\Program Files\dotnet\dotnet.exe
TpTrace Information: 0 : 12968, 5, 2024/06/03, 01:46:08.295, 949062268525, vstest.console.dll, ProxyDataCollectionManager.Initialize: Launched datacollector processId: 10272 port: 54004
TpTrace Information: 0 : 12968, 5, 2024/06/03, 01:46:08.295, 949062270598, vstest.console.dll, ProxyDataCollectionManager.Initialize: waiting for connection with timeout: 90 seconds
TpTrace Verbose: 0 : 12968, 5, 2024/06/03, 01:46:08.296, 949062271198, vstest.console.dll, DataCollectionRequestSender.WaitForRequestHandlerConnection : Waiting for connection with timeout: 90000
TpTrace Verbose: 0 : 12968, 5, 2024/06/03, 01:46:08.523, 949064540778, vstest.console.dll, SocketCommunicationManager.WaitForClientConnection took: 226 ms, with 90000 ms timeout, and finished with True.
TpTrace Information: 0 : 12968, 7, 2024/06/03, 01:46:08.523, 949064540757, vstest.console.dll, Using the buffer size of 16384 bytes
TpTrace Verbose: 0 : 12968, 5, 2024/06/03, 01:46:08.523, 949064543179, vstest.console.dll, ProxyDataCollectionManager.InvokeDataCollectionServiceAction: Starting.
TpTrace Information: 0 : 12968, 7, 2024/06/03, 01:46:08.523, 949064543398, vstest.console.dll, Accepted Client request and set the flag
TpTrace Information: 0 : 12968, 5, 2024/06/03, 01:46:08.523, 949064544476, vstest.console.dll, ProxyDataCollectionManager.BeforeTestRunStart: Get environment variable and port for datacollector processId: 10272 port: 54004
TpTrace Verbose: 0 : 12968, 5, 2024/06/03, 01:46:08.523, 949064546146, vstest.console.dll, DataCollectionRequestSender.SendBeforeTestRunStartAndGetResult: Send BeforeTestRunStart message with settingsXml <RunSettings><RunConfiguration><ResultsDirectory>C:\Users\VC\Desktop\MiniProject\Job_Portal_API\BloodDonationAppTesting\bin\Debug\net6.0\fine-code-coverage\coverage-tool-output</ResultsDirectory><TargetPlatform>X64</TargetPlatform><TargetFrameworkVersion>.NETCoreApp,Version=v6.0</TargetFrameworkVersion><DesignMode>False</DesignMode><CollectSourceInformation>False</CollectSourceInformation><TestAdaptersPaths>C:\Program Files\dotnet\sdk\8.0.202\Extensions</TestAdaptersPaths></RunConfiguration><LoggerRunSettings><Loggers><Logger friendlyName="blame" enabled="True" /><Logger friendlyName="Console" uri="logger://microsoft/TestPlatform/ConsoleLogger/v1" assemblyQualifiedName="Microsoft.VisualStudio.TestPlatform.CommandLine.Internal.ConsoleLogger, vstest.console, Version=15.0.0.0, Culture=neutral, PublicKeyToken=b03f5f7f11d50a3a" codeBase="C:\Program Files\dotnet\sdk\8.0.202\vstest.console.dll" enabled="True" /></Loggers></LoggerRunSettings><DataCollectionRunSettings><DataCollectors><DataCollector friendlyName="blame" enabled="True"><Configuration><ResultsDirectory>C:\Users\VC\Desktop\MiniProject\Job_Portal_API\BloodDonationAppTesting\bin\Debug\net6.0\fine-code-coverage\coverage-tool-output</ResultsDirectory></Configuration></DataCollector></DataCollectors></DataCollectionRunSettings></RunSettings> and sources System.Collections.Generic.List`1[System.String]: 
TpTrace Verbose: 0 : 12968, 5, 2024/06/03, 01:46:08.589, 949065205126, vstest.console.dll, DataCollectionRequestSender.SendBeforeTestRunStartAndGetResult: Received message: (DataCollection.SendMessage) -> {"MessageType":"DataCollection.SendMessage","Payload":{"FriendlyName":null,"Uri":null,"TestCaseId":"00000000-0000-0000-0000-000000000000","Message":"Logging DataCollector Diagnostics in file: C:\\Users\\VC\\Desktop\\MiniProject\\Job_Portal_API\\BloodDonationAppTesting\\bin\\Debug\\net6.0\\fine-code-coverage\\coverage-tool-output\\diagnostics.datacollector.24-06-03_01-46-08_28787_5.log","Level":0}}
TpTrace Verbose: 0 : 12968, 5, 2024/06/03, 01:46:08.688, 949066200317, vstest.console.dll, DataCollectionRequestSender.SendBeforeTestRunStartAndGetResult: Received message: (DataCollection.BeforeTestRunStartResult) -> {"MessageType":"DataCollection.BeforeTestRunStartResult","Payload":{"EnvironmentVariables":{},"DataCollectionEventsPort":54006}}
TpTrace Information: 0 : 12968, 5, 2024/06/03, 01:46:08.695, 949066265940, vstest.console.dll, ProxyDataCollectionManager.BeforeTestRunStart: SendBeforeTestRunStartAndGetResult successful, env variable from datacollector:   and testhost port: 54006
TpTrace Information: 0 : 12968, 5, 2024/06/03, 01:46:08.695, 949066267572, vstest.console.dll, ProxyDataCollectionManager.InvokeDataCollectionServiceAction: Completed.
TpTrace Verbose: 0 : 12968, 5, 2024/06/03, 01:46:08.695, 949066268386, vstest.console.dll, ParallelProxyExecutionManager.StartTestRunOnConcurrentManager: Initializing test run. Started clients: 0
TpTrace Verbose: 0 : 12968, 5, 2024/06/03, 01:46:08.695, 949066269993, vstest.console.dll, ProxyExecutionManager: Test host is always Lazy initialize.
TpTrace Verbose: 0 : 12968, 5, 2024/06/03, 01:46:08.696, 949066273452, vstest.console.dll, TestRequestSender.InitializeCommunication: initialize communication. 
TpTrace Information: 0 : 12968, 5, 2024/06/03, 01:46:08.697, 949066280931, vstest.console.dll, SocketServer.Start: Listening on endpoint : 127.0.0.1:54007
TpTrace Verbose: 0 : 12968, 5, 2024/06/03, 01:46:08.698, 949066292043, vstest.console.dll, DotnetTestHostmanager.GetTestHostProcessStartInfo: Platform environment 'X64' target architecture 'X64' framework '.NETCoreApp,Version=v6.0' OS 'Windows'
TpTrace Verbose: 0 : 12968, 5, 2024/06/03, 01:46:08.698, 949066295350, vstest.console.dll, DotnetTestHostmanager: Adding  --runtimeconfig "C:\Users\VC\Desktop\MiniProject\Job_Portal_API\BloodDonationAppTesting\bin\Debug\net6.0\fine-code-coverage\build-output\BloodDonationAppTesting.runtimeconfig.json" in args
TpTrace Verbose: 0 : 12968, 5, 2024/06/03, 01:46:08.698, 949066297015, vstest.console.dll, DotnetTestHostmanager: Adding  --depsfile "C:\Users\VC\Desktop\MiniProject\Job_Portal_API\BloodDonationAppTesting\bin\Debug\net6.0\fine-code-coverage\build-output\BloodDonationAppTesting.deps.json" in args
TpTrace Verbose: 0 : 12968, 5, 2024/06/03, 01:46:08.699, 949066301480, vstest.console.dll, DotnetTestHostmanager.IsWinOnArm: Current PROCESSOR_ARCHITECTURE from environment variable 'AMD64'
TpTrace Verbose: 0 : 12968, 5, 2024/06/03, 01:46:08.699, 949066302522, vstest.console.dll, DotnetTestHostmanager.IsWinOnArm: Is Windows on ARM 'False'
TpTrace Verbose: 0 : 12968, 5, 2024/06/03, 01:46:08.699, 949066304108, vstest.console.dll, DotnetTestHostManager: testhost.exe found at path: C:\Users\VC\Desktop\MiniProject\Job_Portal_API\BloodDonationAppTesting\bin\Debug\net6.0\fine-code-coverage\build-output\testhost.exe
TpTrace Verbose: 0 : 12968, 5, 2024/06/03, 01:46:08.699, 949066305429, vstest.console.dll, DotnetTestHostmanager: Full path of host exe is C:\Users\VC\Desktop\MiniProject\Job_Portal_API\BloodDonationAppTesting\bin\Debug\net6.0\fine-code-coverage\build-output\testhost.exe
TpTrace Verbose: 0 : 12968, 5, 2024/06/03, 01:46:08.699, 949066307237, vstest.console.dll, DotnetTestHostmanager.LaunchTestHostAsync: Found 'VSTEST_WINAPPHOST_DOTNET_ROOT' in env variables, value 'C:\Program Files\dotnet', forwarding to 'DOTNET_ROOT'
TpTrace Verbose: 0 : 12968, 5, 2024/06/03, 01:46:08.699, 949066308785, vstest.console.dll, DotnetTestHostManager: Starting process 'C:\Users\VC\Desktop\MiniProject\Job_Portal_API\BloodDonationAppTesting\bin\Debug\net6.0\fine-code-coverage\build-output\testhost.exe' with command line ' --runtimeconfig "C:\Users\VC\Desktop\MiniProject\Job_Portal_API\BloodDonationAppTesting\bin\Debug\net6.0\fine-code-coverage\build-output\BloodDonationAppTesting.runtimeconfig.json" --depsfile "C:\Users\VC\Desktop\MiniProject\Job_Portal_API\BloodDonationAppTesting\bin\Debug\net6.0\fine-code-coverage\build-output\BloodDonationAppTesting.deps.json" --port 54007 --endpoint 127.0.0.1:054007 --role client --parentprocessid 12968 --diag "C:\Users\VC\Desktop\MiniProject\Job_Portal_API\BloodDonationAppTesting\bin\Debug\net6.0\fine-code-coverage\coverage-tool-output\diagnostics.host.24-06-03_01-46-08_69760_5.log" --tracelevel 4 --datacollectionport 54006 --telemetryoptedin false'
TpTrace Verbose: 0 : 12968, 5, 2024/06/03, 01:46:08.706, 949066378676, vstest.console.dll, MulticastDelegateUtilities.SafeInvoke: HostProviderEvents.OnHostLaunched: Invoking callback 1/2 for Microsoft.VisualStudio.TestPlatform.CrossPlatEngine.Client.ProxyExecutionManagerWithDataCollection., took 1 ms.
TpTrace Verbose: 0 : 12968, 5, 2024/06/03, 01:46:08.707, 949066383522, vstest.console.dll, Test Runtime launched
TpTrace Verbose: 0 : 12968, 5, 2024/06/03, 01:46:08.707, 949066384655, vstest.console.dll, MulticastDelegateUtilities.SafeInvoke: HostProviderEvents.OnHostLaunched: Invoking callback 2/2 for Microsoft.VisualStudio.TestPlatform.CrossPlatEngine.Client.ProxyOperationManager., took 0 ms.
TpTrace Verbose: 0 : 12968, 5, 2024/06/03, 01:46:08.707, 949066386475, vstest.console.dll, TestRequestSender.WaitForRequestHandlerConnection: waiting for connection with timeout: 90000.
TpTrace Verbose: 0 : 12968, 7, 2024/06/03, 01:46:08.998, 949069299416, vstest.console.dll, MulticastDelegateUtilities.SafeInvoke: SocketServer: ClientConnected: Invoking callback 1/1 for Microsoft.VisualStudio.TestPlatform.CommunicationUtilities.TestRequestSender., took 0 ms.
TpTrace Verbose: 0 : 12968, 5, 2024/06/03, 01:46:08.998, 949069299842, vstest.console.dll, TestRequestSender.WaitForRequestHandlerConnection: waiting took 291 ms, with timeout 90000 ms, and result 0, which is success.
TpTrace Verbose: 0 : 12968, 7, 2024/06/03, 01:46:08.999, 949069301082, vstest.console.dll, SocketServer.OnClientConnected: Client connected for endPoint: 127.0.0.1:54007, starting MessageLoopAsync:
TpTrace Verbose: 0 : 12968, 13, 2024/06/03, 01:46:08.999, 949069308568, vstest.console.dll, TcpClientExtensions.MessageLoopAsync: Polling on remoteEndPoint: 127.0.0.1:54008 localEndPoint: 127.0.0.1:54007 after 0 ms
TpTrace Verbose: 0 : 12968, 5, 2024/06/03, 01:46:09.000, 949069313210, vstest.console.dll, TestRequestSender.CheckVersionWithTestHost: Sending check version message: {"MessageType":"ProtocolVersion","Payload":7}
TpTrace Verbose: 0 : 12968, 13, 2024/06/03, 01:46:09.163, 949070949319, vstest.console.dll, TcpClientExtensions.MessageLoopAsync: NotifyDataAvailable remoteEndPoint: 127.0.0.1:54008 localEndPoint: 127.0.0.1:54007
TpTrace Verbose: 0 : 12968, 13, 2024/06/03, 01:46:09.164, 949070952661, vstest.console.dll, TestRequestSender.CheckVersionWithTestHost: onMessageReceived received message: (ProtocolVersion) -> {"MessageType":"ProtocolVersion","Payload":7}
TpTrace Verbose: 0 : 12968, 13, 2024/06/03, 01:46:09.165, 949070960810, vstest.console.dll, MulticastDelegateUtilities.SafeInvoke: LengthPrefixCommunicationChannel: MessageReceived: Invoking callback 1/1 for Microsoft.VisualStudio.TestPlatform.CommunicationUtilities.TestRequestSender+<>c__DisplayClass29_0., took 0 ms.
TpTrace Verbose: 0 : 12968, 13, 2024/06/03, 01:46:09.165, 949070961809, vstest.console.dll, TcpClientExtensions.MessageLoopAsync: Polling on remoteEndPoint: 127.0.0.1:54008 localEndPoint: 127.0.0.1:54007 after 165 ms
TpTrace Verbose: 0 : 12968, 5, 2024/06/03, 01:46:09.165, 949070962344, vstest.console.dll, TestPluginCache.GetExtensionPaths: Filtered extension paths: 
TpTrace Verbose: 0 : 12968, 5, 2024/06/03, 01:46:09.165, 949070963544, vstest.console.dll, TestPluginCache.GetExtensionPaths: Added default extension paths: C:\Program Files\dotnet\sdk\8.0.202\Extensions\Microsoft.Diagnostics.NETCore.Client.dll
C:\Program Files\dotnet\sdk\8.0.202\Extensions\Microsoft.TestPlatform.Extensions.BlameDataCollector.dll
C:\Program Files\dotnet\sdk\8.0.202\Extensions\Microsoft.TestPlatform.Extensions.EventLogCollector.dll
C:\Program Files\dotnet\sdk\8.0.202\Extensions\Microsoft.TestPlatform.TestHostRuntimeProvider.dll
C:\Program Files\dotnet\sdk\8.0.202\Extensions\Microsoft.VisualStudio.TestPlatform.Extensions.Html.TestLogger.dll
C:\Program Files\dotnet\sdk\8.0.202\Extensions\Microsoft.VisualStudio.TestPlatform.Extensions.Trx.TestLogger.dll
TpTrace Verbose: 0 : 12968, 5, 2024/06/03, 01:46:09.165, 949070964163, vstest.console.dll, TestPluginCache.GetExtensionPaths: Added unfilterableExtensionPaths: 
TpTrace Verbose: 0 : 12968, 5, 2024/06/03, 01:46:09.168, 949071000066, vstest.console.dll, TestRequestSender.InitializeExecution: Sending initialize execution with message: {"Version":7,"MessageType":"TestExecution.Initialize","Payload":["C:\\Users\\VC\\Desktop\\MiniProject\\Job_Portal_API\\BloodDonationAppTesting\\bin\\Debug\\net6.0\\fine-code-coverage\\build-output\\NUnit3.TestAdapter.dll"]}
TpTrace Verbose: 0 : 12968, 5, 2024/06/03, 01:46:09.169, 949071002606, vstest.console.dll, ParallelProxyExecutionManager.StartTestRunOnConcurrentManager: Execution starting. Started clients: 1
TpTrace Verbose: 0 : 12968, 5, 2024/06/03, 01:46:09.169, 949071006040, vstest.console.dll, TestRunRequest:SendTestRunMessage: Starting.
TpTrace Verbose: 0 : 12968, 5, 2024/06/03, 01:46:09.169, 949071007953, vstest.console.dll, MulticastDelegateUtilities.SafeInvoke: TestRun.LogMessages: Invoking callback 1/1 for Microsoft.VisualStudio.TestPlatform.CommandLine.TestRunResultAggregator., took 0 ms.
TpTrace Information: 0 : 12968, 5, 2024/06/03, 01:46:09.169, 949071008405, vstest.console.dll, TestRunRequest:SendTestRunMessage: Completed.
TpTrace Verbose: 0 : 12968, 4, 2024/06/03, 01:46:09.169, 949071010630, vstest.console.dll, MulticastDelegateUtilities.SafeInvoke: InternalTestLoggerEvents.SendTestRunMessage: Invoking callback 1/1 for Microsoft.VisualStudio.TestPlatform.CommandLine.Internal.ConsoleLogger., took 0 ms.
TpTrace Warning: 0 : 12968, 5, 2024/06/03, 01:46:09.170, 949071012506, vstest.console.dll, InferRunSettingsHelper.MakeRunsettingsCompatible: Removing the following settings: TargetPlatform from RunSettings file. To use those settings please move to latest version of Microsoft.NET.Test.Sdk
TpTrace Verbose: 0 : 12968, 13, 2024/06/03, 01:46:09.171, 949071021603, vstest.console.dll, TcpClientExtensions.MessageLoopAsync: NotifyDataAvailable remoteEndPoint: 127.0.0.1:54008 localEndPoint: 127.0.0.1:54007
TpTrace Verbose: 0 : 12968, 13, 2024/06/03, 01:46:09.171, 949071025093, vstest.console.dll, TestRequestSender.OnExecutionMessageReceived: Received message: {"Version":7,"MessageType":"TestSession.Message","Payload":{"MessageLevel":0,"Message":"Logging TestHost Diagnostics in file: C:\\Users\\VC\\Desktop\\MiniProject\\Job_Portal_API\\BloodDonationAppTesting\\bin\\Debug\\net6.0\\fine-code-coverage\\coverage-tool-output\\diagnostics.host.24-06-03_01-46-08_69760_5.log"}}
TpTrace Verbose: 0 : 12968, 13, 2024/06/03, 01:46:09.173, 949071048690, vstest.console.dll, TestRunRequest:SendTestRunMessage: Starting.
TpTrace Verbose: 0 : 12968, 13, 2024/06/03, 01:46:09.173, 949071049993, vstest.console.dll, MulticastDelegateUtilities.SafeInvoke: TestRun.LogMessages: Invoking callback 1/1 for Microsoft.VisualStudio.TestPlatform.CommandLine.TestRunResultAggregator., took 0 ms.
TpTrace Information: 0 : 12968, 13, 2024/06/03, 01:46:09.173, 949071050371, vstest.console.dll, TestRunRequest:SendTestRunMessage: Completed.
TpTrace Verbose: 0 : 12968, 4, 2024/06/03, 01:46:09.173, 949071050322, vstest.console.dll, MulticastDelegateUtilities.SafeInvoke: InternalTestLoggerEvents.SendTestRunMessage: Invoking callback 1/1 for Microsoft.VisualStudio.TestPlatform.CommandLine.Internal.ConsoleLogger., took 0 ms.
TpTrace Verbose: 0 : 12968, 13, 2024/06/03, 01:46:09.174, 949071050945, vstest.console.dll, MulticastDelegateUtilities.SafeInvoke: LengthPrefixCommunicationChannel: MessageReceived: Invoking callback 1/1 for Microsoft.VisualStudio.TestPlatform.CommunicationUtilities.TestRequestSender+<>c__DisplayClass34_0., took 2 ms.
TpTrace Verbose: 0 : 12968, 13, 2024/06/03, 01:46:09.174, 949071052812, vstest.console.dll, TcpClientExtensions.MessageLoopAsync: Polling on remoteEndPoint: 127.0.0.1:54008 localEndPoint: 127.0.0.1:54007 after 9 ms
TpTrace Verbose: 0 : 12968, 5, 2024/06/03, 01:46:09.180, 949071111689, vstest.console.dll, TestRequestSender.StartTestRun: Sending test run with message: {"Version":7,"MessageType":"TestExecution.StartWithSources","Payload":{"AdapterSourceMap":{"_none_":["C:\\Users\\VC\\Desktop\\MiniProject\\Job_Portal_API\\BloodDonationAppTesting\\bin\\Debug\\net6.0\\fine-code-coverage\\build-output\\BloodDonationAppTesting.dll"]},"RunSettings":"<RunSettings>\r\n  <RunConfiguration>\r\n    <ResultsDirectory>C:\\Users\\VC\\Desktop\\MiniProject\\Job_Portal_API\\BloodDonationAppTesting\\bin\\Debug\\net6.0\\fine-code-coverage\\coverage-tool-output</ResultsDirectory>\r\n    <TargetFrameworkVersion>.NETCoreApp,Version=v6.0</TargetFrameworkVersion>\r\n    <DesignMode>False</DesignMode>\r\n    <CollectSourceInformation>False</CollectSourceInformation>\r\n  </RunConfiguration>\r\n  <LoggerRunSettings>\r\n    <Loggers>\r\n      <Logger friendlyName=\"blame\" enabled=\"True\" />\r\n      <Logger friendlyName=\"Console\" uri=\"logger://microsoft/TestPlatform/ConsoleLogger/v1\" assemblyQualifiedName=\"Microsoft.VisualStudio.TestPlatform.CommandLine.Internal.ConsoleLogger, vstest.console, Version=15.0.0.0, Culture=neutral, PublicKeyToken=b03f5f7f11d50a3a\" codeBase=\"C:\\Program Files\\dotnet\\sdk\\8.0.202\\vstest.console.dll\" enabled=\"True\" />\r\n    </Loggers>\r\n  </LoggerRunSettings>\r\n  <DataCollectionRunSettings>\r\n    <DataCollectors>\r\n      <DataCollector friendlyName=\"blame\" enabled=\"True\">\r\n        <Configuration>\r\n          <ResultsDirectory>C:\\Users\\VC\\Desktop\\MiniProject\\Job_Portal_API\\BloodDonationAppTesting\\bin\\Debug\\net6.0\\fine-code-coverage\\coverage-tool-output</ResultsDirectory>\r\n        </Configuration>\r\n      </DataCollector>\r\n    </DataCollectors>\r\n  </DataCollectionRunSettings>\r\n</RunSettings>","TestExecutionContext":{"FrequencyOfRunStatsChangeEvent":10,"RunStatsChangeEventTimeout":"00:00:01.5000000","InIsolation":false,"KeepAlive":false,"AreTestCaseLevelEventsRequired":false,"IsDebug":false,"TestCaseFilter":null,"FilterOptions":null},"Package":null}}
TpTrace Verbose: 0 : 12968, 5, 2024/06/03, 01:46:09.180, 949071113971, vstest.console.dll, ParallelProxyExecutionManager.StartTestRunOnConcurrentManager: Execution started. Started clients: 1
TpTrace Verbose: 0 : 12968, 13, 2024/06/03, 01:46:09.444, 949073756140, vstest.console.dll, TcpClientExtensions.MessageLoopAsync: NotifyDataAvailable remoteEndPoint: 127.0.0.1:54008 localEndPoint: 127.0.0.1:54007
TpTrace Verbose: 0 : 12968, 13, 2024/06/03, 01:46:09.444, 949073758855, vstest.console.dll, TestRequestSender.OnExecutionMessageReceived: Received message: {"Version":7,"MessageType":"TestSession.Message","Payload":{"MessageLevel":0,"Message":"NUnit Adapter 4.4.0.0: Test execution started"}}
TpTrace Verbose: 0 : 12968, 13, 2024/06/03, 01:46:09.445, 949073762466, vstest.console.dll, TestRunRequest:SendTestRunMessage: Starting.
TpTrace Verbose: 0 : 12968, 13, 2024/06/03, 01:46:09.445, 949073763670, vstest.console.dll, MulticastDelegateUtilities.SafeInvoke: TestRun.LogMessages: Invoking callback 1/1 for Microsoft.VisualStudio.TestPlatform.CommandLine.TestRunResultAggregator., took 0 ms.
TpTrace Information: 0 : 12968, 13, 2024/06/03, 01:46:09.445, 949073764068, vstest.console.dll, TestRunRequest:SendTestRunMessage: Completed.
TpTrace Verbose: 0 : 12968, 4, 2024/06/03, 01:46:09.445, 949073764201, vstest.console.dll, MulticastDelegateUtilities.SafeInvoke: InternalTestLoggerEvents.SendTestRunMessage: Invoking callback 1/1 for Microsoft.VisualStudio.TestPlatform.CommandLine.Internal.ConsoleLogger., took 0 ms.
TpTrace Verbose: 0 : 12968, 13, 2024/06/03, 01:46:09.445, 949073764472, vstest.console.dll, MulticastDelegateUtilities.SafeInvoke: LengthPrefixCommunicationChannel: MessageReceived: Invoking callback 1/1 for Microsoft.VisualStudio.TestPlatform.CommunicationUtilities.TestRequestSender+<>c__DisplayClass34_0., took 0 ms.
TpTrace Verbose: 0 : 12968, 13, 2024/06/03, 01:46:09.445, 949073765805, vstest.console.dll, TcpClientExtensions.MessageLoopAsync: Polling on remoteEndPoint: 127.0.0.1:54008 localEndPoint: 127.0.0.1:54007 after 271 ms
TpTrace Verbose: 0 : 12968, 13, 2024/06/03, 01:46:09.474, 949074057444, vstest.console.dll, TcpClientExtensions.MessageLoopAsync: NotifyDataAvailable remoteEndPoint: 127.0.0.1:54008 localEndPoint: 127.0.0.1:54007
TpTrace Verbose: 0 : 12968, 13, 2024/06/03, 01:46:09.474, 949074060020, vstest.console.dll, TestRequestSender.OnExecutionMessageReceived: Received message: {"Version":7,"MessageType":"TestSession.Message","Payload":{"MessageLevel":0,"Message":"Running all tests in C:\\Users\\VC\\Desktop\\MiniProject\\Job_Portal_API\\BloodDonationAppTesting\\bin\\Debug\\net6.0\\fine-code-coverage\\build-output\\BloodDonationAppTesting.dll"}}
TpTrace Verbose: 0 : 12968, 13, 2024/06/03, 01:46:09.475, 949074062373, vstest.console.dll, TestRunRequest:SendTestRunMessage: Starting.
TpTrace Verbose: 0 : 12968, 13, 2024/06/03, 01:46:09.475, 949074063552, vstest.console.dll, MulticastDelegateUtilities.SafeInvoke: TestRun.LogMessages: Invoking callback 1/1 for Microsoft.VisualStudio.TestPlatform.CommandLine.TestRunResultAggregator., took 0 ms.
TpTrace Verbose: 0 : 12968, 4, 2024/06/03, 01:46:09.475, 949074063867, vstest.console.dll, MulticastDelegateUtilities.SafeInvoke: InternalTestLoggerEvents.SendTestRunMessage: Invoking callback 1/1 for Microsoft.VisualStudio.TestPlatform.CommandLine.Internal.ConsoleLogger., took 0 ms.
TpTrace Information: 0 : 12968, 13, 2024/06/03, 01:46:09.475, 949074064861, vstest.console.dll, TestRunRequest:SendTestRunMessage: Completed.
TpTrace Verbose: 0 : 12968, 13, 2024/06/03, 01:46:09.475, 949074066578, vstest.console.dll, MulticastDelegateUtilities.SafeInvoke: LengthPrefixCommunicationChannel: MessageReceived: Invoking callback 1/1 for Microsoft.VisualStudio.TestPlatform.CommunicationUtilities.TestRequestSender+<>c__DisplayClass34_0., took 0 ms.
TpTrace Verbose: 0 : 12968, 13, 2024/06/03, 01:46:09.475, 949074067446, vstest.console.dll, TcpClientExtensions.MessageLoopAsync: Polling on remoteEndPoint: 127.0.0.1:54008 localEndPoint: 127.0.0.1:54007 after 30 ms
TpTrace Verbose: 0 : 12968, 13, 2024/06/03, 01:46:09.655, 949075862868, vstest.console.dll, TcpClientExtensions.MessageLoopAsync: NotifyDataAvailable remoteEndPoint: 127.0.0.1:54008 localEndPoint: 127.0.0.1:54007
TpTrace Verbose: 0 : 12968, 13, 2024/06/03, 01:46:09.655, 949075864829, vstest.console.dll, TestRequestSender.OnExecutionMessageReceived: Received message: {"Version":7,"MessageType":"TestSession.Message","Payload":{"MessageLevel":0,"Message":"   NUnit3TestExecutor discovered 20 of 20 NUnit test cases using Current Discovery mode, Non-Explicit run"}}
TpTrace Verbose: 0 : 12968, 13, 2024/06/03, 01:46:09.655, 949075866164, vstest.console.dll, TestRunRequest:SendTestRunMessage: Starting.
TpTrace Verbose: 0 : 12968, 13, 2024/06/03, 01:46:09.655, 949075866822, vstest.console.dll, MulticastDelegateUtilities.SafeInvoke: TestRun.LogMessages: Invoking callback 1/1 for Microsoft.VisualStudio.TestPlatform.CommandLine.TestRunResultAggregator., took 0 ms.
TpTrace Information: 0 : 12968, 13, 2024/06/03, 01:46:09.655, 949075867174, vstest.console.dll, TestRunRequest:SendTestRunMessage: Completed.
TpTrace Verbose: 0 : 12968, 4, 2024/06/03, 01:46:09.655, 949075867366, vstest.console.dll, MulticastDelegateUtilities.SafeInvoke: InternalTestLoggerEvents.SendTestRunMessage: Invoking callback 1/1 for Microsoft.VisualStudio.TestPlatform.CommandLine.Internal.ConsoleLogger., took 0 ms.
TpTrace Verbose: 0 : 12968, 13, 2024/06/03, 01:46:09.655, 949075867514, vstest.console.dll, MulticastDelegateUtilities.SafeInvoke: LengthPrefixCommunicationChannel: MessageReceived: Invoking callback 1/1 for Microsoft.VisualStudio.TestPlatform.CommunicationUtilities.TestRequestSender+<>c__DisplayClass34_0., took 0 ms.
TpTrace Verbose: 0 : 12968, 13, 2024/06/03, 01:46:09.655, 949075869456, vstest.console.dll, TcpClientExtensions.MessageLoopAsync: Polling on remoteEndPoint: 127.0.0.1:54008 localEndPoint: 127.0.0.1:54007 after 180 ms
TpTrace Verbose: 0 : 12968, 13, 2024/06/03, 01:46:10.661, 949085930596, vstest.console.dll, TcpClientExtensions.MessageLoopAsync: Polling on remoteEndPoint: 127.0.0.1:54008 localEndPoint: 127.0.0.1:54007 after 1005 ms
TpTrace Verbose: 0 : 12968, 13, 2024/06/03, 01:46:10.811, 949087429550, vstest.console.dll, TcpClientExtensions.MessageLoopAsync: NotifyDataAvailable remoteEndPoint: 127.0.0.1:54008 localEndPoint: 127.0.0.1:54007
TpTrace Verbose: 0 : 12968, 13, 2024/06/03, 01:46:10.812, 949087437077, vstest.console.dll, TestRequestSender.OnExecutionMessageReceived: Received message: {"Version":7,"MessageType":"TestExecution.StatsChange","Payload":{"NewTestResults":[{"TestCase":{"Id":"44eb9ebf-bacf-71f3-5b05-b8e8d355f468","FullyQualifiedName":"JobPortalAPITest.RepositoryTests.DonorRepositoryTest.AddDonor_Failure_DonorAlreadyExists","DisplayName":"AddDonor_Failure_DonorAlreadyExists","ExecutorUri":"executor://NUnit3TestExecutor","Source":"C:\\Users\\VC\\Desktop\\MiniProject\\Job_Portal_API\\BloodDonationAppTesting\\bin\\Debug\\net6.0\\fine-code-coverage\\build-output\\BloodDonationAppTesting.dll","CodeFilePath":null,"LineNumber":0,"Properties":[{"Key":{"Id":"NUnit.Seed","Label":"Seed","Category":"","Description":"","Attributes":0,"ValueType":"System.String"},"Value":"829378378"}]},"Attachments":[],"Outcome":2,"ErrorMessage":"Microsoft.EntityFrameworkCore.DbUpdateException : Required properties '{'ContactNumber', 'FirstName', 'HashKey', 'LastName', 'Password'}' are missing for the instance of entity type 'User'. Consider using 'DbContextOptionsBuilder.EnableSensitiveDataLogging' to see the entity key value.","ErrorStackTrace":"   at Microsoft.EntityFrameworkCore.InMemory.Storage.Internal.InMemoryTable`1.ThrowNullabilityErrorException(IUpdateEntry entry, IList`1 nullabilityErrors)\r\n   at Microsoft.EntityFrameworkCore.InMemory.Storage.Internal.InMemoryTable`1.Create(IUpdateEntry entry)\r\n   at Microsoft.EntityFrameworkCore.InMemory.Storage.Internal.InMemoryStore.ExecuteTransaction(IList`1 entries, IDiagnosticsLogger`1 updateLogger)\r\n   at Microsoft.EntityFrameworkCore.InMemory.Storage.Internal.InMemoryDatabase.SaveChanges(IList`1 entries)\r\n   at Microsoft.EntityFrameworkCore.ChangeTracking.Internal.StateManager.SaveChanges(IList`1 entriesToSave)\r\n   at Microsoft.EntityFrameworkCore.ChangeTracking.Internal.StateManager.SaveChanges(StateManager stateManager, Boolean acceptAllChangesOnSuccess)\r\n   at Microsoft.EntityFrameworkCore.ChangeTracking.Internal.StateManager.<>c.<SaveChanges>b__104_0(DbContext _, ValueTuple`2 t)\r\n   at Microsoft.EntityFrameworkCore.Storage.NonRetryingExecutionStrategy.Execute[TState,TResult](TState state, Func`3 operation, Func`3 verifySucceeded)\r\n   at Microsoft.EntityFrameworkCore.ChangeTracking.Internal.StateManager.SaveChanges(Boolean acceptAllChangesOnSuccess)\r\n   at Microsoft.EntityFrameworkCore.DbContext.SaveChanges(Boolean acceptAllChangesOnSuccess)\r\n   at Microsoft.EntityFrameworkCore.DbContext.SaveChanges()\r\n   at JobPortalAPITest.RepositoryTests.DonorRepositoryTest.AddDonor_Failure_DonorAlreadyExists() in C:\\Users\\VC\\Desktop\\MiniProject\\Job_Portal_API\\BloodDonationAppTesting\\Repository\\DonorRepositoryTest.cs:line 62\n","DisplayName":"AddDonor_Failure_DonorAlreadyExists","Messages":[],"ComputerName":"15RBBX3","Duration":"00:00:00.7715460","StartTime":"2024-06-02T20:16:09.6863089+00:00","EndTime":"2024-06-02T20:16:10.4577738+00:00","Properties":[{"Key":{"Id":"NUnit.Seed","Label":"Seed","Category":"","Description":"","Attributes":0,"ValueType":"System.String"},"Value":"829378378"}]},{"TestCase":{"Id":"7f305f9e-0d26-4a89-6d82-0e0b4d0a9477","FullyQualifiedName":"JobPortalAPITest.RepositoryTests.DonorRepositoryTest.AddDonor_Success","DisplayName":"AddDonor_Success","ExecutorUri":"executor://NUnit3TestExecutor","Source":"C:\\Users\\VC\\Desktop\\MiniProject\\Job_Portal_API\\BloodDonationAppTesting\\bin\\Debug\\net6.0\\fine-code-coverage\\build-output\\BloodDonationAppTesting.dll","CodeFilePath":null,"LineNumber":0,"Properties":[{"Key":{"Id":"NUnit.Seed","Label":"Seed","Category":"","Description":"","Attributes":0,"ValueType":"System.String"},"Value":"1926777535"}]},"Attachments":[],"Outcome":2,"ErrorMessage":"Job_Portal_API.Exceptions.UserAlreadyExistException : Donor Already Exist","ErrorStackTrace":"   at Job_Portal_API.Repositories.DonorRepository.Add(Donor entity) in C:\\Users\\VC\\Desktop\\MiniProject\\Job_Portal_API\\Job_Portal_API\\Repositories\\DonorRepository.cs:line 27\r\n   at JobPortalAPITest.RepositoryTests.DonorRepositoryTest.AddDonor_Success() in C:\\Users\\VC\\Desktop\\MiniProject\\Job_Portal_API\\BloodDonationAppTesting\\Repository\\DonorRepositoryTest.cs:line 42\r\n   at NUnit.Framework.Internal.TaskAwaitAdapter.GenericAdapter`1.GetResult()\r\n   at NUnit.Framework.Internal.AsyncToSyncAdapter.Await(Func`1 invoke)\r\n   at NUnit.Framework.Internal.Commands.TestMethodCommand.RunTestMethod(TestExecutionContext context)\r\n   at NUnit.Framework.Internal.Commands.TestMethodCommand.Execute(TestExecutionContext context)\r\n   at NUnit.Framework.Internal.Commands.BeforeAndAfterTestCommand.<>c__DisplayClass1_0.<Execute>b__0()\r\n   at NUnit.Framework.Internal.Commands.DelegatingTestCommand.RunTestMethodInThreadAbortSafeZone(TestExecutionContext context, Action action)\n","DisplayName":"AddDonor_Success","Messages":[],"ComputerName":"15RBBX3","Duration":"00:00:00.0678050","StartTime":"2024-06-02T20:16:10.4595302+00:00","EndTime":"2024-06-02T20:16:10.5273351+00:00","Properties":[{"Key":{"Id":"NUnit.Seed","Label":"Seed","Category":"","Description":"","Attributes":0,"ValueType":"System.String"},"Value":"1926777535"}]},{"TestCase":{"Id":"c991044c-e93e-3b8e-e007-20abbd2a67be","FullyQualifiedName":"JobPortalAPITest.RepositoryTests.DonorRepositoryTest.DeleteDonorById_Failure_DonorNotFound","DisplayName":"DeleteDonorById_Failure_DonorNotFound","ExecutorUri":"executor://NUnit3TestExecutor","Source":"C:\\Users\\VC\\Desktop\\MiniProject\\Job_Portal_API\\BloodDonationAppTesting\\bin\\Debug\\net6.0\\fine-code-coverage\\build-output\\BloodDonationAppTesting.dll","CodeFilePath":null,"LineNumber":0,"Properties":[{"Key":{"Id":"NUnit.Seed","Label":"Seed","Category":"","Description":"","Attributes":0,"ValueType":"System.String"},"Value":"1529635148"}]},"Attachments":[],"Outcome":1,"ErrorMessage":null,"ErrorStackTrace":null,"DisplayName":"DeleteDonorById_Failure_DonorNotFound","Messages":[],"ComputerName":"15RBBX3","Duration":"00:00:00.1952640","StartTime":"2024-06-02T20:16:10.527391+00:00","EndTime":"2024-06-02T20:16:10.7226543+00:00","Properties":[{"Key":{"Id":"NUnit.Seed","Label":"Seed","Category":"","Description":"","Attributes":0,"ValueType":"System.String"},"Value":"1529635148"}]},{"TestCase":{"Id":"a322f404-37fd-9b28-def3-fbcb14d30a5d","FullyQualifiedName":"JobPortalAPITest.RepositoryTests.DonorRepositoryTest.DeleteDonorById_Success","DisplayName":"DeleteDonorById_Success","ExecutorUri":"executor://NUnit3TestExecutor","Source":"C:\\Users\\VC\\Desktop\\MiniProject\\Job_Portal_API\\BloodDonationAppTesting\\bin\\Debug\\net6.0\\fine-code-coverage\\build-output\\BloodDonationAppTesting.dll","CodeFilePath":null,"LineNumber":0,"Properties":[{"Key":{"Id":"NUnit.Seed","Label":"Seed","Category":"","Description":"","Attributes":0,"ValueType":"System.String"},"Value":"1044399510"}]},"Attachments":[],"Outcome":2,"ErrorMessage":"Job_Portal_API.Exceptions.UserAlreadyExistException : Donor Already Exist","ErrorStackTrace":"   at Job_Portal_API.Repositories.DonorRepository.Add(Donor entity) in C:\\Users\\VC\\Desktop\\MiniProject\\Job_Portal_API\\Job_Portal_API\\Repositories\\DonorRepository.cs:line 27\r\n   at JobPortalAPITest.RepositoryTests.DonorRepositoryTest.DeleteDonorById_Success() in C:\\Users\\VC\\Desktop\\MiniProject\\Job_Portal_API\\BloodDonationAppTesting\\Repository\\DonorRepositoryTest.cs:line 124\r\n   at NUnit.Framework.Internal.TaskAwaitAdapter.GenericAdapter`1.GetResult()\r\n   at NUnit.Framework.Internal.AsyncToSyncAdapter.Await(Func`1 invoke)\r\n   at NUnit.Framework.Internal.Commands.TestMethodCommand.RunTestMethod(TestExecutionContext context)\r\n   at NUnit.Framework.Internal.Commands.TestMethodCommand.Execute(TestExecutionContext context)\r\n   at NUnit.Framework.Internal.Commands.BeforeAndAfterTestCommand.<>c__DisplayClass1_0.<Execute>b__0()\r\n   at NUnit.Framework.Internal.Commands.DelegatingTestCommand.RunTestMethodInThreadAbortSafeZone(TestExecutionContext context, Action action)\n","DisplayName":"DeleteDonorById_Success","Messages":[],"ComputerName":"15RBBX3","Duration":"00:00:00.0025500","StartTime":"2024-06-02T20:16:10.7226904+00:00","EndTime":"2024-06-02T20:16:10.7252395+00:00","Properties":[{"Key":{"Id":"NUnit.Seed","Label":"Seed","Category":"","Description":"","Attributes":0,"ValueType":"System.String"},"Value":"1044399510"}]},{"TestCase":{"Id":"e05b998b-3344-a3af-2696-904dabc0119d","FullyQualifiedName":"JobPortalAPITest.RepositoryTests.DonorRepositoryTest.GetAllDonors_Failure_NoDonorsPresent","DisplayName":"GetAllDonors_Failure_NoDonorsPresent","ExecutorUri":"executor://NUnit3TestExecutor","Source":"C:\\Users\\VC\\Desktop\\MiniProject\\Job_Portal_API\\BloodDonationAppTesting\\bin\\Debug\\net6.0\\fine-code-coverage\\build-output\\BloodDonationAppTesting.dll","CodeFilePath":null,"LineNumber":0,"Properties":[{"Key":{"Id":"NUnit.Seed","Label":"Seed","Category":"","Description":"","Attributes":0,"ValueType":"System.String"},"Value":"305274401"}]},"Attachments":[],"Outcome":2,"ErrorMessage":"  Expected: 0\r\n  But was:  3\r\n","ErrorStackTrace":"   at JobPortalAPITest.RepositoryTests.DonorRepositoryTest.GetAllDonors_Failure_NoDonorsPresent() in C:\\Users\\VC\\Desktop\\MiniProject\\Job_Portal_API\\BloodDonationAppTesting\\Repository\\DonorRepositoryTest.cs:line 211\r\n   at NUnit.Framework.Internal.TaskAwaitAdapter.GenericAdapter`1.GetResult()\r\n   at NUnit.Framework.Internal.AsyncToSyncAdapter.Await(Func`1 invoke)\r\n   at NUnit.Framework.Internal.Commands.TestMethodCommand.RunTestMethod(TestExecutionContext context)\r\n   at NUnit.Framework.Internal.Commands.TestMethodCommand.Execute(TestExecutionContext context)\r\n   at NUnit.Framework.Internal.Commands.BeforeAndAfterTestCommand.<>c__DisplayClass1_0.<Execute>b__0()\r\n   at NUnit.Framework.Internal.Commands.DelegatingTestCommand.RunTestMethodInThreadAbortSafeZone(TestExecutionContext context, Action action)\r\n\n1)    at JobPortalAPITest.RepositoryTests.DonorRepositoryTest.GetAllDonors_Failure_NoDonorsPresent() in C:\\Users\\VC\\Desktop\\MiniProject\\Job_Portal_API\\BloodDonationAppTesting\\Repository\\DonorRepositoryTest.cs:line 211\r\n   at System.Runtime.CompilerServices.AsyncMethodBuilderCore.Start[TStateMachine](TStateMachine& stateMachine)\r\n   at JobPortalAPITest.RepositoryTests.DonorRepositoryTest.GetAllDonors_Failure_NoDonorsPresent()\r\n\n","DisplayName":"GetAllDonors_Failure_NoDonorsPresent","Messages":[],"ComputerName":"15RBBX3","Duration":"00:00:00.0453780","StartTime":"2024-06-02T20:16:10.7252735+00:00","EndTime":"2024-06-02T20:16:10.7706508+00:00","Properties":[{"Key":{"Id":"NUnit.Seed","Label":"Seed","Category":"","Description":"","Attributes":0,"ValueType":"System.String"},"Value":"305274401"}]},{"TestCase":{"Id":"6b157498-6653-2eff-9419-b20dda80dc6d","FullyQualifiedName":"JobPortalAPITest.RepositoryTests.DonorRepositoryTest.GetAllDonors_Success","DisplayName":"GetAllDonors_Success","ExecutorUri":"executor://NUnit3TestExecutor","Source":"C:\\Users\\VC\\Desktop\\MiniProject\\Job_Portal_API\\BloodDonationAppTesting\\bin\\Debug\\net6.0\\fine-code-coverage\\build-output\\BloodDonationAppTesting.dll","CodeFilePath":null,"LineNumber":0,"Properties":[{"Key":{"Id":"NUnit.Seed","Label":"Seed","Category":"","Description":"","Attributes":0,"ValueType":"System.String"},"Value":"537347179"}]},"Attachments":[],"Outcome":2,"ErrorMessage":"Job_Portal_API.Exceptions.UserAlreadyExistException : Donor Already Exist","ErrorStackTrace":"   at Job_Portal_API.Repositories.DonorRepository.Add(Donor entity) in C:\\Users\\VC\\Desktop\\MiniProject\\Job_Portal_API\\Job_Portal_API\\Repositories\\DonorRepository.cs:line 27\r\n   at JobPortalAPITest.RepositoryTests.DonorRepositoryTest.GetAllDonors_Success() in C:\\Users\\VC\\Desktop\\MiniProject\\Job_Portal_API\\BloodDonationAppTesting\\Repository\\DonorRepositoryTest.cs:line 192\r\n   at NUnit.Framework.Internal.TaskAwaitAdapter.GenericAdapter`1.GetResult()\r\n   at NUnit.Framework.Internal.AsyncToSyncAdapter.Await(Func`1 invoke)\r\n   at NUnit.Framework.Internal.Commands.TestMethodCommand.RunTestMethod(TestExecutionContext context)\r\n   at NUnit.Framework.Internal.Commands.TestMethodCommand.Execute(TestExecutionContext context)\r\n   at NUnit.Framework.Internal.Commands.BeforeAndAfterTestCommand.<>c__DisplayClass1_0.<Execute>b__0()\r\n   at NUnit.Framework.Internal.Commands.DelegatingTestCommand.RunTestMethodInThreadAbortSafeZone(TestExecutionContext context, Action action)\n","DisplayName":"GetAllDonors_Success","Messages":[],"ComputerName":"15RBBX3","Duration":"00:00:00.0022850","StartTime":"2024-06-02T20:16:10.7706862+00:00","EndTime":"2024-06-02T20:16:10.7729709+00:00","Properties":[{"Key":{"Id":"NUnit.Seed","Label":"Seed","Category":"","Description":"","Attributes":0,"ValueType":"System.String"},"Value":"537347179"}]},{"TestCase":{"Id":"de42900e-a89a-ed2d-b88a-7acd4a3907b3","FullyQualifiedName":"JobPortalAPITest.RepositoryTests.DonorRepositoryTest.GetDonorById_Failure_DonorNotFound","DisplayName":"GetDonorById_Failure_DonorNotFound","ExecutorUri":"executor://NUnit3TestExecutor","Source":"C:\\Users\\VC\\Desktop\\MiniProject\\Job_Portal_API\\BloodDonationAppTesting\\bin\\Debug\\net6.0\\fine-code-coverage\\build-output\\BloodDonationAppTesting.dll","CodeFilePath":null,"LineNumber":0,"Properties":[{"Key":{"Id":"NUnit.Seed","Label":"Seed","Category":"","Description":"","Attributes":0,"ValueType":"System.String"},"Value":"1526479739"}]},"Attachments":[],"Outcome":1,"ErrorMessage":null,"ErrorStackTrace":null,"DisplayName":"GetDonorById_Failure_DonorNotFound","Messages":[],"ComputerName":"15RBBX3","Duration":"00:00:00.0033250","StartTime":"2024-06-02T20:16:10.7730202+00:00","EndTime":"2024-06-02T20:16:10.7763448+00:00","Properties":[{"Key":{"Id":"NUnit.Seed","Label":"Seed","Category":"","Description":"","Attributes":0,"ValueType":"System.String"},"Value":"1526479739"}]},{"TestCase":{"Id":"35b3833c-249b-d677-f691-3cdbcade8fc6","FullyQualifiedName":"JobPortalAPITest.RepositoryTests.DonorRepositoryTest.GetDonorById_Success","DisplayName":"GetDonorById_Success","ExecutorUri":"executor://NUnit3TestExecutor","Source":"C:\\Users\\VC\\Desktop\\MiniProject\\Job_Portal_API\\BloodDonationAppTesting\\bin\\Debug\\net6.0\\fine-code-coverage\\build-output\\BloodDonationAppTesting.dll","CodeFilePath":null,"LineNumber":0,"Properties":[{"Key":{"Id":"NUnit.Seed","Label":"Seed","Category":"","Description":"","Attributes":0,"ValueType":"System.String"},"Value":"554753905"}]},"Attachments":[],"Outcome":2,"ErrorMessage":"Job_Portal_API.Exceptions.UserAlreadyExistException : Donor Already Exist","ErrorStackTrace":"   at Job_Portal_API.Repositories.DonorRepository.Add(Donor entity) in C:\\Users\\VC\\Desktop\\MiniProject\\Job_Portal_API\\Job_Portal_API\\Repositories\\DonorRepository.cs:line 27\r\n   at JobPortalAPITest.RepositoryTests.DonorRepositoryTest.GetDonorById_Success() in C:\\Users\\VC\\Desktop\\MiniProject\\Job_Portal_API\\BloodDonationAppTesting\\Repository\\DonorRepositoryTest.cs:line 155\r\n   at NUnit.Framework.Internal.TaskAwaitAdapter.GenericAdapter`1.GetResult()\r\n   at NUnit.Framework.Internal.AsyncToSyncAdapter.Await(Func`1 invoke)\r\n   at NUnit.Framework.Internal.Commands.TestMethodCommand.RunTestMethod(TestExecutionContext context)\r\n   at NUnit.Framework.Internal.Commands.TestMethodCommand.Execute(TestExecutionContext context)\r\n   at NUnit.Framework.Internal.Commands.BeforeAndAfterTestCommand.<>c__DisplayClass1_0.<Execute>b__0()\r\n   at NUnit.Framework.Internal.Commands.DelegatingTestCommand.RunTestMethodInThreadAbortSafeZone(TestExecutionContext context, Action action)\n","DisplayName":"GetDonorById_Success","Messages":[],"ComputerName":"15RBBX3","Duration":"00:00:00.0014610","StartTime":"2024-06-02T20:16:10.7763649+00:00","EndTime":"2024-06-02T20:16:10.7778256+00:00","Properties":[{"Key":{"Id":"NUnit.Seed","Label":"Seed","Category":"","Description":"","Attributes":0,"ValueType":"System.String"},"Value":"554753905"}]},{"TestCase":{"Id":"fe624813-f7ac-ffaf-c4cb-c016a5808b97","FullyQualifiedName":"JobPortalAPITest.RepositoryTests.DonorRepositoryTest.UpdateDonor_Failure_DonorNotFound","DisplayName":"UpdateDonor_Failure_DonorNotFound","ExecutorUri":"executor://NUnit3TestExecutor","Source":"C:\\Users\\VC\\Desktop\\MiniProject\\Job_Portal_API\\BloodDonationAppTesting\\bin\\Debug\\net6.0\\fine-code-coverage\\build-output\\BloodDonationAppTesting.dll","CodeFilePath":null,"LineNumber":0,"Properties":[{"Key":{"Id":"NUnit.Seed","Label":"Seed","Category":"","Description":"","Attributes":0,"ValueType":"System.String"},"Value":"753864445"}]},"Attachments":[],"Outcome":1,"ErrorMessage":null,"ErrorStackTrace":null,"DisplayName":"UpdateDonor_Failure_DonorNotFound","Messages":[],"ComputerName":"15RBBX3","Duration":"00:00:00.0016680","StartTime":"2024-06-02T20:16:10.777841+00:00","EndTime":"2024-06-02T20:16:10.7795086+00:00","Properties":[{"Key":{"Id":"NUnit.Seed","Label":"Seed","Category":"","Description":"","Attributes":0,"ValueType":"System.String"},"Value":"753864445"}]}],"TestRunStatistics":{"ExecutedTests":9,"Stats":{"Failed":6,"Passed":3}},"ActiveTests":[{"Id":"ff1a821b-a555-a489-cfd9-0eb371816f7f","FullyQualifiedName":"JobPortalAPITest.RepositoryTests.DonorRepositoryTest.UpdateDonor_Success","DisplayName":"UpdateDonor_Success","ExecutorUri":"executor://NUnit3TestExecutor","Source":"C:\\Users\\VC\\Desktop\\MiniProject\\Job_Portal_API\\BloodDonationAppTesting\\bin\\Debug\\net6.0\\fine-code-coverage\\build-output\\BloodDonationAppTesting.dll","CodeFilePath":null,"LineNumber":0,"Properties":[{"Key":{"Id":"NUnit.Seed","Label":"Seed","Category":"","Description":"","Attributes":0,"ValueType":"System.String"},"Value":"1568373181"}]}]}}
TpTrace Verbose: 0 : 12968, 13, 2024/06/03, 01:46:10.846, 949087777769, vstest.console.dll, TestRunRequest:SendTestRunStatsChange: Starting.
TpTrace Verbose: 0 : 12968, 13, 2024/06/03, 01:46:10.846, 949087779323, vstest.console.dll, InProgress is UpdateDonor_Success
TpTrace Verbose: 0 : 12968, 13, 2024/06/03, 01:46:10.847, 949087781394, vstest.console.dll, MulticastDelegateUtilities.SafeInvoke: TestRun.RunStatsChanged: Invoking callbacks was skipped because there are no subscribers.
TpTrace Information: 0 : 12968, 13, 2024/06/03, 01:46:10.847, 949087781816, vstest.console.dll, TestRunRequest:SendTestRunStatsChange: Completed.
TpTrace Verbose: 0 : 12968, 13, 2024/06/03, 01:46:10.847, 949087782201, vstest.console.dll, MulticastDelegateUtilities.SafeInvoke: LengthPrefixCommunicationChannel: MessageReceived: Invoking callback 1/1 for Microsoft.VisualStudio.TestPlatform.CommunicationUtilities.TestRequestSender+<>c__DisplayClass34_0., took 34 ms.
TpTrace Verbose: 0 : 12968, 13, 2024/06/03, 01:46:10.847, 949087782593, vstest.console.dll, TcpClientExtensions.MessageLoopAsync: Polling on remoteEndPoint: 127.0.0.1:54008 localEndPoint: 127.0.0.1:54007 after 184 ms
TpTrace Verbose: 0 : 12968, 4, 2024/06/03, 01:46:10.850, 949087819494, vstest.console.dll, MulticastDelegateUtilities.SafeInvoke: InternalTestLoggerEvents.SendTestResult: Invoking callback 1/1 for Microsoft.VisualStudio.TestPlatform.CommandLine.Internal.ConsoleLogger., took 3 ms.
TpTrace Verbose: 0 : 12968, 4, 2024/06/03, 01:46:10.851, 949087828255, vstest.console.dll, MulticastDelegateUtilities.SafeInvoke: InternalTestLoggerEvents.SendTestResult: Invoking callback 1/1 for Microsoft.VisualStudio.TestPlatform.CommandLine.Internal.ConsoleLogger., took 0 ms.
TpTrace Verbose: 0 : 12968, 4, 2024/06/03, 01:46:10.851, 949087829632, vstest.console.dll, MulticastDelegateUtilities.SafeInvoke: InternalTestLoggerEvents.SendTestResult: Invoking callback 1/1 for Microsoft.VisualStudio.TestPlatform.CommandLine.Internal.ConsoleLogger., took 0 ms.
TpTrace Verbose: 0 : 12968, 4, 2024/06/03, 01:46:10.852, 949087834759, vstest.console.dll, MulticastDelegateUtilities.SafeInvoke: InternalTestLoggerEvents.SendTestResult: Invoking callback 1/1 for Microsoft.VisualStudio.TestPlatform.CommandLine.Internal.ConsoleLogger., took 0 ms.
TpTrace Verbose: 0 : 12968, 4, 2024/06/03, 01:46:10.852, 949087838736, vstest.console.dll, MulticastDelegateUtilities.SafeInvoke: InternalTestLoggerEvents.SendTestResult: Invoking callback 1/1 for Microsoft.VisualStudio.TestPlatform.CommandLine.Internal.ConsoleLogger., took 0 ms.
TpTrace Verbose: 0 : 12968, 4, 2024/06/03, 01:46:10.853, 949087842828, vstest.console.dll, MulticastDelegateUtilities.SafeInvoke: InternalTestLoggerEvents.SendTestResult: Invoking callback 1/1 for Microsoft.VisualStudio.TestPlatform.CommandLine.Internal.ConsoleLogger., took 0 ms.
TpTrace Verbose: 0 : 12968, 4, 2024/06/03, 01:46:10.853, 949087844528, vstest.console.dll, MulticastDelegateUtilities.SafeInvoke: InternalTestLoggerEvents.SendTestResult: Invoking callback 1/1 for Microsoft.VisualStudio.TestPlatform.CommandLine.Internal.ConsoleLogger., took 0 ms.
TpTrace Verbose: 0 : 12968, 4, 2024/06/03, 01:46:10.853, 949087848156, vstest.console.dll, MulticastDelegateUtilities.SafeInvoke: InternalTestLoggerEvents.SendTestResult: Invoking callback 1/1 for Microsoft.VisualStudio.TestPlatform.CommandLine.Internal.ConsoleLogger., took 0 ms.
TpTrace Verbose: 0 : 12968, 4, 2024/06/03, 01:46:10.853, 949087849094, vstest.console.dll, MulticastDelegateUtilities.SafeInvoke: InternalTestLoggerEvents.SendTestResult: Invoking callback 1/1 for Microsoft.VisualStudio.TestPlatform.CommandLine.Internal.ConsoleLogger., took 0 ms.
TpTrace Verbose: 0 : 12968, 13, 2024/06/03, 01:46:10.877, 949088086211, vstest.console.dll, TcpClientExtensions.MessageLoopAsync: NotifyDataAvailable remoteEndPoint: 127.0.0.1:54008 localEndPoint: 127.0.0.1:54007
TpTrace Verbose: 0 : 12968, 13, 2024/06/03, 01:46:10.878, 949088093946, vstest.console.dll, TestRequestSender.OnExecutionMessageReceived: Received message: {"Version":7,"MessageType":"TestExecution.StatsChange","Payload":{"NewTestResults":[{"TestCase":{"Id":"ff1a821b-a555-a489-cfd9-0eb371816f7f","FullyQualifiedName":"JobPortalAPITest.RepositoryTests.DonorRepositoryTest.UpdateDonor_Success","DisplayName":"UpdateDonor_Success","ExecutorUri":"executor://NUnit3TestExecutor","Source":"C:\\Users\\VC\\Desktop\\MiniProject\\Job_Portal_API\\BloodDonationAppTesting\\bin\\Debug\\net6.0\\fine-code-coverage\\build-output\\BloodDonationAppTesting.dll","CodeFilePath":null,"LineNumber":0,"Properties":[{"Key":{"Id":"NUnit.Seed","Label":"Seed","Category":"","Description":"","Attributes":0,"ValueType":"System.String"},"Value":"1568373181"}]},"Attachments":[],"Outcome":2,"ErrorMessage":"Job_Portal_API.Exceptions.UserAlreadyExistException : Donor Already Exist","ErrorStackTrace":"   at Job_Portal_API.Repositories.DonorRepository.Add(Donor entity) in C:\\Users\\VC\\Desktop\\MiniProject\\Job_Portal_API\\Job_Portal_API\\Repositories\\DonorRepository.cs:line 27\r\n   at JobPortalAPITest.RepositoryTests.DonorRepositoryTest.UpdateDonor_Success() in C:\\Users\\VC\\Desktop\\MiniProject\\Job_Portal_API\\BloodDonationAppTesting\\Repository\\DonorRepositoryTest.cs:line 86\r\n   at NUnit.Framework.Internal.TaskAwaitAdapter.GenericAdapter`1.GetResult()\r\n   at NUnit.Framework.Internal.AsyncToSyncAdapter.Await(Func`1 invoke)\r\n   at NUnit.Framework.Internal.Commands.TestMethodCommand.RunTestMethod(TestExecutionContext context)\r\n   at NUnit.Framework.Internal.Commands.TestMethodCommand.Execute(TestExecutionContext context)\r\n   at NUnit.Framework.Internal.Commands.BeforeAndAfterTestCommand.<>c__DisplayClass1_0.<Execute>b__0()\r\n   at NUnit.Framework.Internal.Commands.DelegatingTestCommand.RunTestMethodInThreadAbortSafeZone(TestExecutionContext context, Action action)\n","DisplayName":"UpdateDonor_Success","Messages":[],"ComputerName":"15RBBX3","Duration":"00:00:00.0013290","StartTime":"2024-06-02T20:16:10.7795247+00:00","EndTime":"2024-06-02T20:16:10.7808536+00:00","Properties":[{"Key":{"Id":"NUnit.Seed","Label":"Seed","Category":"","Description":"","Attributes":0,"ValueType":"System.String"},"Value":"1568373181"}]},{"TestCase":{"Id":"6bc1baab-827c-3ec3-9425-6e15389d405d","FullyQualifiedName":"JobPortalAPITest.RepositoryTests.UserRepositoryTests.AddUser_Failure_UserAlreadyExists","DisplayName":"AddUser_Failure_UserAlreadyExists","ExecutorUri":"executor://NUnit3TestExecutor","Source":"C:\\Users\\VC\\Desktop\\MiniProject\\Job_Portal_API\\BloodDonationAppTesting\\bin\\Debug\\net6.0\\fine-code-coverage\\build-output\\BloodDonationAppTesting.dll","CodeFilePath":null,"LineNumber":0,"Properties":[{"Key":{"Id":"NUnit.Seed","Label":"Seed","Category":"","Description":"","Attributes":0,"ValueType":"System.String"},"Value":"130595462"}]},"Attachments":[],"Outcome":1,"ErrorMessage":null,"ErrorStackTrace":null,"DisplayName":"AddUser_Failure_UserAlreadyExists","Messages":[],"ComputerName":"15RBBX3","Duration":"00:00:00.0428920","StartTime":"2024-06-02T20:16:10.7829499+00:00","EndTime":"2024-06-02T20:16:10.8258412+00:00","Properties":[{"Key":{"Id":"NUnit.Seed","Label":"Seed","Category":"","Description":"","Attributes":0,"ValueType":"System.String"},"Value":"130595462"}]},{"TestCase":{"Id":"3facf312-00c0-60c7-eac0-089d024e194b","FullyQualifiedName":"JobPortalAPITest.RepositoryTests.UserRepositoryTests.AddUser_Success","DisplayName":"AddUser_Success","ExecutorUri":"executor://NUnit3TestExecutor","Source":"C:\\Users\\VC\\Desktop\\MiniProject\\Job_Portal_API\\BloodDonationAppTesting\\bin\\Debug\\net6.0\\fine-code-coverage\\build-output\\BloodDonationAppTesting.dll","CodeFilePath":null,"LineNumber":0,"Properties":[{"Key":{"Id":"NUnit.Seed","Label":"Seed","Category":"","Description":"","Attributes":0,"ValueType":"System.String"},"Value":"922308787"}]},"Attachments":[],"Outcome":1,"ErrorMessage":null,"ErrorStackTrace":null,"DisplayName":"AddUser_Success","Messages":[],"ComputerName":"15RBBX3","Duration":"00:00:00.0018800","StartTime":"2024-06-02T20:16:10.8258743+00:00","EndTime":"2024-06-02T20:16:10.8277541+00:00","Properties":[{"Key":{"Id":"NUnit.Seed","Label":"Seed","Category":"","Description":"","Attributes":0,"ValueType":"System.String"},"Value":"922308787"}]},{"TestCase":{"Id":"b5fe6566-35df-08ef-f11b-be5a2e1d1a21","FullyQualifiedName":"JobPortalAPITest.RepositoryTests.UserRepositoryTests.DeleteUserById_Failure_UserNotFound","DisplayName":"DeleteUserById_Failure_UserNotFound","ExecutorUri":"executor://NUnit3TestExecutor","Source":"C:\\Users\\VC\\Desktop\\MiniProject\\Job_Portal_API\\BloodDonationAppTesting\\bin\\Debug\\net6.0\\fine-code-coverage\\build-output\\BloodDonationAppTesting.dll","CodeFilePath":null,"LineNumber":0,"Properties":[{"Key":{"Id":"NUnit.Seed","Label":"Seed","Category":"","Description":"","Attributes":0,"ValueType":"System.String"},"Value":"1900296065"}]},"Attachments":[],"Outcome":1,"ErrorMessage":null,"ErrorStackTrace":null,"DisplayName":"DeleteUserById_Failure_UserNotFound","Messages":[],"ComputerName":"15RBBX3","Duration":"00:00:00.0085130","StartTime":"2024-06-02T20:16:10.8277766+00:00","EndTime":"2024-06-02T20:16:10.8362895+00:00","Properties":[{"Key":{"Id":"NUnit.Seed","Label":"Seed","Category":"","Description":"","Attributes":0,"ValueType":"System.String"},"Value":"1900296065"}]},{"TestCase":{"Id":"20064d11-9977-a17a-6899-48f4f7deae25","FullyQualifiedName":"JobPortalAPITest.RepositoryTests.UserRepositoryTests.DeleteUserById_Success","DisplayName":"DeleteUserById_Success","ExecutorUri":"executor://NUnit3TestExecutor","Source":"C:\\Users\\VC\\Desktop\\MiniProject\\Job_Portal_API\\BloodDonationAppTesting\\bin\\Debug\\net6.0\\fine-code-coverage\\build-output\\BloodDonationAppTesting.dll","CodeFilePath":null,"LineNumber":0,"Properties":[{"Key":{"Id":"NUnit.Seed","Label":"Seed","Category":"","Description":"","Attributes":0,"ValueType":"System.String"},"Value":"2101480825"}]},"Attachments":[],"Outcome":1,"ErrorMessage":null,"ErrorStackTrace":null,"DisplayName":"DeleteUserById_Success","Messages":[],"ComputerName":"15RBBX3","Duration":"00:00:00.0126960","StartTime":"2024-06-02T20:16:10.8363237+00:00","EndTime":"2024-06-02T20:16:10.8490192+00:00","Properties":[{"Key":{"Id":"NUnit.Seed","Label":"Seed","Category":"","Description":"","Attributes":0,"ValueType":"System.String"},"Value":"2101480825"}]},{"TestCase":{"Id":"e5454ef2-3057-6d60-e690-e556f11bf4a3","FullyQualifiedName":"JobPortalAPITest.RepositoryTests.UserRepositoryTests.GetAllUsers_Failure_NoUsersPresent","DisplayName":"GetAllUsers_Failure_NoUsersPresent","ExecutorUri":"executor://NUnit3TestExecutor","Source":"C:\\Users\\VC\\Desktop\\MiniProject\\Job_Portal_API\\BloodDonationAppTesting\\bin\\Debug\\net6.0\\fine-code-coverage\\build-output\\BloodDonationAppTesting.dll","CodeFilePath":null,"LineNumber":0,"Properties":[{"Key":{"Id":"NUnit.Seed","Label":"Seed","Category":"","Description":"","Attributes":0,"ValueType":"System.String"},"Value":"1201664340"}]},"Attachments":[],"Outcome":2,"ErrorMessage":"  Expected: <Job_Portal_API.Exceptions.UserNotFoundException>\r\n  But was:  null\r\n","ErrorStackTrace":"   at JobPortalAPITest.RepositoryTests.UserRepositoryTests.GetAllUsers_Failure_NoUsersPresent() in C:\\Users\\VC\\Desktop\\MiniProject\\Job_Portal_API\\BloodDonationAppTesting\\Repository\\UserRepositoryTest.cs:line 246\r\n   at NUnit.Framework.Internal.TaskAwaitAdapter.GenericAdapter`1.GetResult()\r\n   at NUnit.Framework.Internal.AsyncToSyncAdapter.Await(Func`1 invoke)\r\n   at NUnit.Framework.Internal.Commands.TestMethodCommand.RunTestMethod(TestExecutionContext context)\r\n   at NUnit.Framework.Internal.Commands.TestMethodCommand.Execute(TestExecutionContext context)\r\n   at NUnit.Framework.Internal.Commands.BeforeAndAfterTestCommand.<>c__DisplayClass1_0.<Execute>b__0()\r\n   at NUnit.Framework.Internal.Commands.DelegatingTestCommand.RunTestMethodInThreadAbortSafeZone(TestExecutionContext context, Action action)\r\n\n1)    at JobPortalAPITest.RepositoryTests.UserRepositoryTests.GetAllUsers_Failure_NoUsersPresent() in C:\\Users\\VC\\Desktop\\MiniProject\\Job_Portal_API\\BloodDonationAppTesting\\Repository\\UserRepositoryTest.cs:line 246\r\n   at System.Runtime.CompilerServices.AsyncMethodBuilderCore.Start[TStateMachine](TStateMachine& stateMachine)\r\n   at JobPortalAPITest.RepositoryTests.UserRepositoryTests.GetAllUsers_Failure_NoUsersPresent()\r\n\n","DisplayName":"GetAllUsers_Failure_NoUsersPresent","Messages":[],"ComputerName":"15RBBX3","Duration":"00:00:00.0090520","StartTime":"2024-06-02T20:16:10.8490636+00:00","EndTime":"2024-06-02T20:16:10.8581147+00:00","Properties":[{"Key":{"Id":"NUnit.Seed","Label":"Seed","Category":"","Description":"","Attributes":0,"ValueType":"System.String"},"Value":"1201664340"}]},{"TestCase":{"Id":"52655487-0840-4b0c-b1f5-5deebb183ea7","FullyQualifiedName":"JobPortalAPITest.RepositoryTests.UserRepositoryTests.GetAllUsers_Success","DisplayName":"GetAllUsers_Success","ExecutorUri":"executor://NUnit3TestExecutor","Source":"C:\\Users\\VC\\Desktop\\MiniProject\\Job_Portal_API\\BloodDonationAppTesting\\bin\\Debug\\net6.0\\fine-code-coverage\\build-output\\BloodDonationAppTesting.dll","CodeFilePath":null,"LineNumber":0,"Properties":[{"Key":{"Id":"NUnit.Seed","Label":"Seed","Category":"","Description":"","Attributes":0,"ValueType":"System.String"},"Value":"669899625"}]},"Attachments":[],"Outcome":2,"ErrorMessage":"  Expected: 2\r\n  But was:  4\r\n","ErrorStackTrace":"   at JobPortalAPITest.RepositoryTests.UserRepositoryTests.GetAllUsers_Success() in C:\\Users\\VC\\Desktop\\MiniProject\\Job_Portal_API\\BloodDonationAppTesting\\Repository\\UserRepositoryTest.cs:line 239\r\n   at NUnit.Framework.Internal.TaskAwaitAdapter.GenericAdapter`1.GetResult()\r\n   at NUnit.Framework.Internal.AsyncToSyncAdapter.Await(Func`1 invoke)\r\n   at NUnit.Framework.Internal.Commands.TestMethodCommand.RunTestMethod(TestExecutionContext context)\r\n   at NUnit.Framework.Internal.Commands.TestMethodCommand.Execute(TestExecutionContext context)\r\n   at NUnit.Framework.Internal.Commands.BeforeAndAfterTestCommand.<>c__DisplayClass1_0.<Execute>b__0()\r\n   at NUnit.Framework.Internal.Commands.DelegatingTestCommand.RunTestMethodInThreadAbortSafeZone(TestExecutionContext context, Action action)\r\n\n1)    at JobPortalAPITest.RepositoryTests.UserRepositoryTests.GetAllUsers_Success() in C:\\Users\\VC\\Desktop\\MiniProject\\Job_Portal_API\\BloodDonationAppTesting\\Repository\\UserRepositoryTest.cs:line 239\r\n   at System.Runtime.CompilerServices.AsyncMethodBuilderCore.Start[TStateMachine](TStateMachine& stateMachine)\r\n   at JobPortalAPITest.RepositoryTests.UserRepositoryTests.GetAllUsers_Success()\r\n\n","DisplayName":"GetAllUsers_Success","Messages":[],"ComputerName":"15RBBX3","Duration":"00:00:00.0054260","StartTime":"2024-06-02T20:16:10.8581443+00:00","EndTime":"2024-06-02T20:16:10.8635702+00:00","Properties":[{"Key":{"Id":"NUnit.Seed","Label":"Seed","Category":"","Description":"","Attributes":0,"ValueType":"System.String"},"Value":"669899625"}]},{"TestCase":{"Id":"3b2de783-9e7a-06c5-1a35-a18598d06c72","FullyQualifiedName":"JobPortalAPITest.RepositoryTests.UserRepositoryTests.GetUserById_Failure_UserNotFound","DisplayName":"GetUserById_Failure_UserNotFound","ExecutorUri":"executor://NUnit3TestExecutor","Source":"C:\\Users\\VC\\Desktop\\MiniProject\\Job_Portal_API\\BloodDonationAppTesting\\bin\\Debug\\net6.0\\fine-code-coverage\\build-output\\BloodDonationAppTesting.dll","CodeFilePath":null,"LineNumber":0,"Properties":[{"Key":{"Id":"NUnit.Seed","Label":"Seed","Category":"","Description":"","Attributes":0,"ValueType":"System.String"},"Value":"619166149"}]},"Attachments":[],"Outcome":1,"ErrorMessage":null,"ErrorStackTrace":null,"DisplayName":"GetUserById_Failure_UserNotFound","Messages":[],"ComputerName":"15RBBX3","Duration":"00:00:00.0018020","StartTime":"2024-06-02T20:16:10.8636053+00:00","EndTime":"2024-06-02T20:16:10.8654074+00:00","Properties":[{"Key":{"Id":"NUnit.Seed","Label":"Seed","Category":"","Description":"","Attributes":0,"ValueType":"System.String"},"Value":"619166149"}]},{"TestCase":{"Id":"56061a22-211f-fc99-8818-416514147a29","FullyQualifiedName":"JobPortalAPITest.RepositoryTests.UserRepositoryTests.GetUserById_Success","DisplayName":"GetUserById_Success","ExecutorUri":"executor://NUnit3TestExecutor","Source":"C:\\Users\\VC\\Desktop\\MiniProject\\Job_Portal_API\\BloodDonationAppTesting\\bin\\Debug\\net6.0\\fine-code-coverage\\build-output\\BloodDonationAppTesting.dll","CodeFilePath":null,"LineNumber":0,"Properties":[{"Key":{"Id":"NUnit.Seed","Label":"Seed","Category":"","Description":"","Attributes":0,"ValueType":"System.String"},"Value":"1705294339"}]},"Attachments":[],"Outcome":1,"ErrorMessage":null,"ErrorStackTrace":null,"DisplayName":"GetUserById_Success","Messages":[],"ComputerName":"15RBBX3","Duration":"00:00:00.0049170","StartTime":"2024-06-02T20:16:10.8654277+00:00","EndTime":"2024-06-02T20:16:10.8703441+00:00","Properties":[{"Key":{"Id":"NUnit.Seed","Label":"Seed","Category":"","Description":"","Attributes":0,"ValueType":"System.String"},"Value":"1705294339"}]}],"TestRunStatistics":{"ExecutedTests":18,"Stats":{"Failed":9,"Passed":9}},"ActiveTests":[{"Id":"3695b975-3b67-1eab-c99a-d1b524429ea3","FullyQualifiedName":"JobPortalAPITest.RepositoryTests.UserRepositoryTests.UpdateUser_Failure_UserNotFound","DisplayName":"UpdateUser_Failure_UserNotFound","ExecutorUri":"executor://NUnit3TestExecutor","Source":"C:\\Users\\VC\\Desktop\\MiniProject\\Job_Portal_API\\BloodDonationAppTesting\\bin\\Debug\\net6.0\\fine-code-coverage\\build-output\\BloodDonationAppTesting.dll","CodeFilePath":null,"LineNumber":0,"Properties":[{"Key":{"Id":"NUnit.Seed","Label":"Seed","Category":"","Description":"","Attributes":0,"ValueType":"System.String"},"Value":"1251343926"}]}]}}
TpTrace Verbose: 0 : 12968, 13, 2024/06/03, 01:46:10.880, 949088114834, vstest.console.dll, TestRunRequest:SendTestRunStatsChange: Starting.
TpTrace Verbose: 0 : 12968, 13, 2024/06/03, 01:46:10.880, 949088115838, vstest.console.dll, InProgress is UpdateUser_Failure_UserNotFound
TpTrace Verbose: 0 : 12968, 13, 2024/06/03, 01:46:10.880, 949088116703, vstest.console.dll, MulticastDelegateUtilities.SafeInvoke: TestRun.RunStatsChanged: Invoking callbacks was skipped because there are no subscribers.
TpTrace Information: 0 : 12968, 13, 2024/06/03, 01:46:10.880, 949088117153, vstest.console.dll, TestRunRequest:SendTestRunStatsChange: Completed.
TpTrace Verbose: 0 : 12968, 13, 2024/06/03, 01:46:10.880, 949088117668, vstest.console.dll, MulticastDelegateUtilities.SafeInvoke: LengthPrefixCommunicationChannel: MessageReceived: Invoking callback 1/1 for Microsoft.VisualStudio.TestPlatform.CommunicationUtilities.TestRequestSender+<>c__DisplayClass34_0., took 2 ms.
TpTrace Verbose: 0 : 12968, 13, 2024/06/03, 01:46:10.880, 949088118179, vstest.console.dll, TcpClientExtensions.MessageLoopAsync: Polling on remoteEndPoint: 127.0.0.1:54008 localEndPoint: 127.0.0.1:54007 after 33 ms
TpTrace Verbose: 0 : 12968, 4, 2024/06/03, 01:46:10.880, 949088120466, vstest.console.dll, MulticastDelegateUtilities.SafeInvoke: InternalTestLoggerEvents.SendTestResult: Invoking callback 1/1 for Microsoft.VisualStudio.TestPlatform.CommandLine.Internal.ConsoleLogger., took 0 ms.
TpTrace Verbose: 0 : 12968, 4, 2024/06/03, 01:46:10.881, 949088121688, vstest.console.dll, MulticastDelegateUtilities.SafeInvoke: InternalTestLoggerEvents.SendTestResult: Invoking callback 1/1 for Microsoft.VisualStudio.TestPlatform.CommandLine.Internal.ConsoleLogger., took 0 ms.
TpTrace Verbose: 0 : 12968, 4, 2024/06/03, 01:46:10.881, 949088123074, vstest.console.dll, MulticastDelegateUtilities.SafeInvoke: InternalTestLoggerEvents.SendTestResult: Invoking callback 1/1 for Microsoft.VisualStudio.TestPlatform.CommandLine.Internal.ConsoleLogger., took 0 ms.
TpTrace Verbose: 0 : 12968, 4, 2024/06/03, 01:46:10.881, 949088123730, vstest.console.dll, MulticastDelegateUtilities.SafeInvoke: InternalTestLoggerEvents.SendTestResult: Invoking callback 1/1 for Microsoft.VisualStudio.TestPlatform.CommandLine.Internal.ConsoleLogger., took 0 ms.
TpTrace Verbose: 0 : 12968, 4, 2024/06/03, 01:46:10.881, 949088125127, vstest.console.dll, MulticastDelegateUtilities.SafeInvoke: InternalTestLoggerEvents.SendTestResult: Invoking callback 1/1 for Microsoft.VisualStudio.TestPlatform.CommandLine.Internal.ConsoleLogger., took 0 ms.
TpTrace Verbose: 0 : 12968, 4, 2024/06/03, 01:46:10.881, 949088127898, vstest.console.dll, MulticastDelegateUtilities.SafeInvoke: InternalTestLoggerEvents.SendTestResult: Invoking callback 1/1 for Microsoft.VisualStudio.TestPlatform.CommandLine.Internal.ConsoleLogger., took 0 ms.
TpTrace Verbose: 0 : 12968, 4, 2024/06/03, 01:46:10.882, 949088130743, vstest.console.dll, MulticastDelegateUtilities.SafeInvoke: InternalTestLoggerEvents.SendTestResult: Invoking callback 1/1 for Microsoft.VisualStudio.TestPlatform.CommandLine.Internal.ConsoleLogger., took 0 ms.
TpTrace Verbose: 0 : 12968, 4, 2024/06/03, 01:46:10.882, 949088131489, vstest.console.dll, MulticastDelegateUtilities.SafeInvoke: InternalTestLoggerEvents.SendTestResult: Invoking callback 1/1 for Microsoft.VisualStudio.TestPlatform.CommandLine.Internal.ConsoleLogger., took 0 ms.
TpTrace Verbose: 0 : 12968, 4, 2024/06/03, 01:46:10.883, 949088144289, vstest.console.dll, MulticastDelegateUtilities.SafeInvoke: InternalTestLoggerEvents.SendTestResult: Invoking callback 1/1 for Microsoft.VisualStudio.TestPlatform.CommandLine.Internal.ConsoleLogger., took 1 ms.
TpTrace Verbose: 0 : 12968, 13, 2024/06/03, 01:46:10.894, 949088258879, vstest.console.dll, TcpClientExtensions.MessageLoopAsync: NotifyDataAvailable remoteEndPoint: 127.0.0.1:54008 localEndPoint: 127.0.0.1:54007
TpTrace Verbose: 0 : 12968, 13, 2024/06/03, 01:46:10.895, 949088261076, vstest.console.dll, TestRequestSender.OnExecutionMessageReceived: Received message: {"Version":7,"MessageType":"TestSession.Message","Payload":{"MessageLevel":0,"Message":"NUnit Adapter 4.4.0.0: Test execution complete"}}
TpTrace Verbose: 0 : 12968, 13, 2024/06/03, 01:46:10.895, 949088262871, vstest.console.dll, TestRunRequest:SendTestRunMessage: Starting.
TpTrace Verbose: 0 : 12968, 13, 2024/06/03, 01:46:10.895, 949088263688, vstest.console.dll, MulticastDelegateUtilities.SafeInvoke: TestRun.LogMessages: Invoking callback 1/1 for Microsoft.VisualStudio.TestPlatform.CommandLine.TestRunResultAggregator., took 0 ms.
TpTrace Information: 0 : 12968, 13, 2024/06/03, 01:46:10.895, 949088264099, vstest.console.dll, TestRunRequest:SendTestRunMessage: Completed.
TpTrace Verbose: 0 : 12968, 4, 2024/06/03, 01:46:10.895, 949088264098, vstest.console.dll, MulticastDelegateUtilities.SafeInvoke: InternalTestLoggerEvents.SendTestRunMessage: Invoking callback 1/1 for Microsoft.VisualStudio.TestPlatform.CommandLine.Internal.ConsoleLogger., took 0 ms.
TpTrace Verbose: 0 : 12968, 13, 2024/06/03, 01:46:10.895, 949088264625, vstest.console.dll, MulticastDelegateUtilities.SafeInvoke: LengthPrefixCommunicationChannel: MessageReceived: Invoking callback 1/1 for Microsoft.VisualStudio.TestPlatform.CommunicationUtilities.TestRequestSender+<>c__DisplayClass34_0., took 0 ms.
TpTrace Verbose: 0 : 12968, 13, 2024/06/03, 01:46:10.895, 949088266193, vstest.console.dll, TcpClientExtensions.MessageLoopAsync: Polling on remoteEndPoint: 127.0.0.1:54008 localEndPoint: 127.0.0.1:54007 after 14 ms
TpTrace Verbose: 0 : 12968, 13, 2024/06/03, 01:46:10.914, 949088459012, vstest.console.dll, TcpClientExtensions.MessageLoopAsync: NotifyDataAvailable remoteEndPoint: 127.0.0.1:54008 localEndPoint: 127.0.0.1:54007
TpTrace Verbose: 0 : 12968, 13, 2024/06/03, 01:46:10.915, 949088461497, vstest.console.dll, TestRequestSender.OnExecutionMessageReceived: Received message: {"Version":7,"MessageType":"TestExecution.Completed","Payload":{"TestRunCompleteArgs":{"TestRunStatistics":{"ExecutedTests":20,"Stats":{"Failed":9,"Passed":11}},"IsCanceled":false,"IsAborted":false,"Error":null,"AttachmentSets":[],"InvokedDataCollectors":[],"ElapsedTimeInRunningTests":"00:00:01.4911002","Metrics":{},"DiscoveredExtensions":{"TestDiscoverers":["NUnit.VisualStudio.TestAdapter.NUnit3TestDiscoverer, NUnit3.TestAdapter, Version=4.4.0.0, Culture=neutral, PublicKeyToken=4cb40d35494691ac"],"TestExecutors":["executor://NUnit3TestExecutor"],"TestExecutors2":[],"TestSettingsProviders":[]}},"LastRunTests":{"NewTestResults":[{"TestCase":{"Id":"3695b975-3b67-1eab-c99a-d1b524429ea3","FullyQualifiedName":"JobPortalAPITest.RepositoryTests.UserRepositoryTests.UpdateUser_Failure_UserNotFound","DisplayName":"UpdateUser_Failure_UserNotFound","ExecutorUri":"executor://NUnit3TestExecutor","Source":"C:\\Users\\VC\\Desktop\\MiniProject\\Job_Portal_API\\BloodDonationAppTesting\\bin\\Debug\\net6.0\\fine-code-coverage\\build-output\\BloodDonationAppTesting.dll","CodeFilePath":null,"LineNumber":0,"Properties":[{"Key":{"Id":"NUnit.Seed","Label":"Seed","Category":"","Description":"","Attributes":0,"ValueType":"System.String"},"Value":"1251343926"}]},"Attachments":[],"Outcome":1,"ErrorMessage":null,"ErrorStackTrace":null,"DisplayName":"UpdateUser_Failure_UserNotFound","Messages":[],"ComputerName":"15RBBX3","Duration":"00:00:00.0105480","StartTime":"2024-06-02T20:16:10.8704642+00:00","EndTime":"2024-06-02T20:16:10.8810125+00:00","Properties":[{"Key":{"Id":"NUnit.Seed","Label":"Seed","Category":"","Description":"","Attributes":0,"ValueType":"System.String"},"Value":"1251343926"}]},{"TestCase":{"Id":"1e6ee77d-6bb4-9bea-96e1-88038549aef7","FullyQualifiedName":"JobPortalAPITest.RepositoryTests.UserRepositoryTests.UpdateUser_Success","DisplayName":"UpdateUser_Success","ExecutorUri":"executor://NUnit3TestExecutor","Source":"C:\\Users\\VC\\Desktop\\MiniProject\\Job_Portal_API\\BloodDonationAppTesting\\bin\\Debug\\net6.0\\fine-code-coverage\\build-output\\BloodDonationAppTesting.dll","CodeFilePath":null,"LineNumber":0,"Properties":[{"Key":{"Id":"NUnit.Seed","Label":"Seed","Category":"","Description":"","Attributes":0,"ValueType":"System.String"},"Value":"976705980"}]},"Attachments":[],"Outcome":1,"ErrorMessage":null,"ErrorStackTrace":null,"DisplayName":"UpdateUser_Success","Messages":[],"ComputerName":"15RBBX3","Duration":"00:00:00.0039680","StartTime":"2024-06-02T20:16:10.8810467+00:00","EndTime":"2024-06-02T20:16:10.8850142+00:00","Properties":[{"Key":{"Id":"NUnit.Seed","Label":"Seed","Category":"","Description":"","Attributes":0,"ValueType":"System.String"},"Value":"976705980"}]}],"TestRunStatistics":{"ExecutedTests":20,"Stats":{"Failed":9,"Passed":11}},"ActiveTests":[]},"RunAttachments":[],"ExecutorUris":["executor://nunit3testexecutor/"]}}
TpTrace Verbose: 0 : 12968, 13, 2024/06/03, 01:46:10.915, 949088462581, vstest.console.dll, TestRequestSender.EndSession: Sending end session.
TpTrace Verbose: 0 : 12968, 13, 2024/06/03, 01:46:10.915, 949088464259, vstest.console.dll, ProxyOperationManager.Close: waiting for test host to exit for 100 ms
TpTrace Verbose: 0 : 12968, 12, 2024/06/03, 01:46:10.943, 949088749318, vstest.console.dll, TestHostManagerCallbacks.ctor: Experimental forwarding output is disabled.
TpTrace Warning: 0 : 12968, 12, 2024/06/03, 01:46:10.943, 949088750687, vstest.console.dll, TestHostManagerCallbacks.ErrorReceivedCallback Test host standard error line: 
TpTrace Verbose: 0 : 12968, 12, 2024/06/03, 01:46:10.954, 949088850804, vstest.console.dll, TestHostProvider.ExitCallBack: Host exited starting callback.
TpTrace Information: 0 : 12968, 12, 2024/06/03, 01:46:10.954, 949088852337, vstest.console.dll, TestHostManagerCallbacks.ExitCallBack: Testhost processId: 1260 exited with exitcode: 0 error: ''
TpTrace Verbose: 0 : 12968, 12, 2024/06/03, 01:46:10.954, 949088852743, vstest.console.dll, DotnetTestHostManager.OnHostExited: invoking OnHostExited callback
TpTrace Verbose: 0 : 12968, 12, 2024/06/03, 01:46:10.954, 949088853292, vstest.console.dll, CrossPlatEngine.TestHostManagerHostExited: calling on client process exit callback.
TpTrace Information: 0 : 12968, 12, 2024/06/03, 01:46:10.954, 949088853808, vstest.console.dll, TestRequestSender.OnClientProcessExit: Test host process exited. Standard error: 
TpTrace Information: 0 : 12968, 12, 2024/06/03, 01:46:10.954, 949088854198, vstest.console.dll, SocketServer.Stop: Stop server endPoint: 127.0.0.1:54007
TpTrace Information: 0 : 12968, 12, 2024/06/03, 01:46:10.954, 949088854492, vstest.console.dll, SocketServer.Stop: Cancellation requested. Stopping message loop.
TpTrace Verbose: 0 : 12968, 12, 2024/06/03, 01:46:10.954, 949088855821, vstest.console.dll, MulticastDelegateUtilities.SafeInvoke: HostProviderEvents.OnHostExited: Invoking callback 1/1 for Microsoft.VisualStudio.TestPlatform.CrossPlatEngine.Client.ProxyOperationManager., took 0 ms.
TpTrace Information: 0 : 12968, 13, 2024/06/03, 01:46:10.954, 949088857144, vstest.console.dll, SocketServer.Stop: Stop server endPoint: 127.0.0.1:54007
TpTrace Information: 0 : 12968, 13, 2024/06/03, 01:46:10.954, 949088857948, vstest.console.dll, SocketServer.Stop: Cancellation requested. Stopping message loop.
TpTrace Information: 0 : 12968, 13, 2024/06/03, 01:46:10.954, 949088858550, vstest.console.dll, Closing the connection
TpTrace Verbose: 0 : 12968, 13, 2024/06/03, 01:46:10.955, 949088860996, vstest.console.dll, ProxyDataCollectionManager.InvokeDataCollectionServiceAction: Starting.
TpTrace Information: 0 : 12968, 13, 2024/06/03, 01:46:10.955, 949088861501, vstest.console.dll, ProxyDataCollectionManager.AfterTestRunEnd: Get attachment set and invoked data collectors processId: 10272 port: 54004
TpTrace Verbose: 0 : 12968, 13, 2024/06/03, 01:46:10.955, 949088861992, vstest.console.dll, DataCollectionRequestSender.SendAfterTestRunStartAndGetResult: Send AfterTestRunEnd message with isCancelled: False
TpTrace Verbose: 0 : 12968, 13, 2024/06/03, 01:46:10.961, 949088927419, vstest.console.dll, DataCollectionRequestSender.SendAfterTestRunStartAndGetResult: Received message: (DataCollection.AfterTestRunEndResult) -> {"MessageType":"DataCollection.AfterTestRunEndResult","Payload":{"AttachmentSets":[],"InvokedDataCollectors":[{"Uri":"datacollector://Microsoft/TestPlatform/Extensions/Blame/v1","FriendlyName":"Blame","AssemblyQualifiedName":"Microsoft.TestPlatform.Extensions.BlameDataCollector.BlameCollector, Microsoft.TestPlatform.Extensions.BlameDataCollector, Version=15.0.0.0, Culture=neutral, PublicKeyToken=b03f5f7f11d50a3a","FilePath":"C:\\Program Files\\dotnet\\sdk\\8.0.202\\Extensions\\Microsoft.TestPlatform.Extensions.BlameDataCollector.dll","HasAttachmentProcessor":false}],"Metrics":{}}}
TpTrace Information: 0 : 12968, 13, 2024/06/03, 01:46:10.967, 949088986021, vstest.console.dll, ProxyDataCollectionManager.InvokeDataCollectionServiceAction: Completed.
TpTrace Warning: 0 : 12968, 10, 2024/06/03, 01:46:10.990, 949089220076, vstest.console.dll, DataCollectionLauncher.ErrorReceivedCallback datacollector standard error line: 
TpTrace Information: 0 : 12968, 10, 2024/06/03, 01:46:10.998, 949089300690, vstest.console.dll, DataCollectionLauncher.ExitCallBack: Data collector exited with exitcode: 0 error: ''
TpTrace Verbose: 0 : 12968, 13, 2024/06/03, 01:46:11.006, 949089377427, vstest.console.dll, TestRunRequest:SendTestRunStatsChange: Starting.
TpTrace Verbose: 0 : 12968, 13, 2024/06/03, 01:46:11.006, 949089378922, vstest.console.dll, MulticastDelegateUtilities.SafeInvoke: TestRun.RunStatsChanged: Invoking callbacks was skipped because there are no subscribers.
TpTrace Information: 0 : 12968, 13, 2024/06/03, 01:46:11.006, 949089379344, vstest.console.dll, TestRunRequest:SendTestRunStatsChange: Completed.
TpTrace Verbose: 0 : 12968, 4, 2024/06/03, 01:46:11.006, 949089380459, vstest.console.dll, MulticastDelegateUtilities.SafeInvoke: InternalTestLoggerEvents.SendTestResult: Invoking callback 1/1 for Microsoft.VisualStudio.TestPlatform.CommandLine.Internal.ConsoleLogger., took 0 ms.
TpTrace Verbose: 0 : 12968, 4, 2024/06/03, 01:46:11.007, 949089381517, vstest.console.dll, MulticastDelegateUtilities.SafeInvoke: InternalTestLoggerEvents.SendTestResult: Invoking callback 1/1 for Microsoft.VisualStudio.TestPlatform.CommandLine.Internal.ConsoleLogger., took 0 ms.
TpTrace Verbose: 0 : 12968, 13, 2024/06/03, 01:46:11.007, 949089383739, vstest.console.dll, ParallelProxyExecutionManager: HandlePartialRunComplete: Total workloads = 1, Total started clients = 1 Total completed clients = 1, Run complete = True, Run canceled: False.
TpTrace Verbose: 0 : 12968, 13, 2024/06/03, 01:46:11.007, 949089384448, vstest.console.dll, ParallelProxyExecutionManager: HandlePartialRunComplete: All runs completed stopping all managers.
TpTrace Verbose: 0 : 12968, 13, 2024/06/03, 01:46:11.007, 949089384956, vstest.console.dll, ParallelOperationManager.StopAllManagers: Stopping all managers.
TpTrace Verbose: 0 : 12968, 13, 2024/06/03, 01:46:11.007, 949089385581, vstest.console.dll, ParallelOperationManager.ClearSlots: Clearing all slots. Slots should accept more work: False
TpTrace Verbose: 0 : 12968, 13, 2024/06/03, 01:46:11.007, 949089386170, vstest.console.dll, ParallelOperationManager.SetOccupiedSlotCount: Setting slot counts AvailableSlotCount = 1, OccupiedSlotCount = 0.
TpTrace Verbose: 0 : 12968, 13, 2024/06/03, 01:46:11.007, 949089386808, vstest.console.dll, Occupied slots:

TpTrace Verbose: 0 : 12968, 4, 2024/06/03, 01:46:11.015, 949089464567, vstest.console.dll, MulticastDelegateUtilities.SafeInvoke: InternalTestLoggerEvents.SendTestRunComplete: Invoking callback 1/2 for Microsoft.TestPlatform.Extensions.BlameDataCollector.BlameLogger., took 0 ms.
TpTrace Verbose: 0 : 12968, 4, 2024/06/03, 01:46:11.021, 949089520936, vstest.console.dll, MulticastDelegateUtilities.SafeInvoke: InternalTestLoggerEvents.SendTestRunComplete: Invoking callback 2/2 for Microsoft.VisualStudio.TestPlatform.CommandLine.Internal.ConsoleLogger., took 5 ms.
TpTrace Verbose: 0 : 12968, 13, 2024/06/03, 01:46:11.021, 949089524550, vstest.console.dll, TestRunRequest:TestRunComplete: Starting. IsAborted:False IsCanceled:False.
TpTrace Verbose: 0 : 12968, 13, 2024/06/03, 01:46:11.021, 949089526446, vstest.console.dll, ParallelOperationManager.DoActionOnAllManagers: Calling an action on all managers.
TpTrace Verbose: 0 : 12968, 13, 2024/06/03, 01:46:11.022, 949089537449, vstest.console.dll, TestLoggerManager.HandleTestRunComplete: Ignoring as the object is disposed.
TpTrace Verbose: 0 : 12968, 13, 2024/06/03, 01:46:11.022, 949089539742, vstest.console.dll, MulticastDelegateUtilities.SafeInvoke: TestRun.TestRunComplete: Invoking callback 1/2 for Microsoft.VisualStudio.TestPlatform.CommandLine.TestRunResultAggregator., took 0 ms.
TpTrace Verbose: 0 : 12968, 13, 2024/06/03, 01:46:11.023, 949089541052, vstest.console.dll, MulticastDelegateUtilities.SafeInvoke: TestRun.TestRunComplete: Invoking callback 2/2 for Microsoft.VisualStudio.TestPlatform.CommandLine.Processors.RunTestsArgumentExecutor+TestRunRequestEventsRegistrar., took 0 ms.
TpTrace Information: 0 : 12968, 13, 2024/06/03, 01:46:11.023, 949089542941, vstest.console.dll, TestRunRequest:TestRunComplete: Completed.
TpTrace Verbose: 0 : 12968, 1, 2024/06/03, 01:46:11.023, 949089543347, vstest.console.dll, TestRunRequest.Dispose: Starting.
TpTrace Information: 0 : 12968, 1, 2024/06/03, 01:46:11.023, 949089544283, vstest.console.dll, TestRunRequest.Dispose: Completed.
TpTrace Verbose: 0 : 12968, 13, 2024/06/03, 01:46:11.023, 949089543502, vstest.console.dll, TestRequestSender.SetOperationComplete: Setting operation complete.
TpTrace Information: 0 : 12968, 13, 2024/06/03, 01:46:11.023, 949089545248, vstest.console.dll, SocketServer.Stop: Stop server endPoint: 127.0.0.1:54007
TpTrace Information: 0 : 12968, 13, 2024/06/03, 01:46:11.023, 949089545620, vstest.console.dll, SocketServer.Stop: Cancellation requested. Stopping message loop.
TpTrace Information: 0 : 12968, 1, 2024/06/03, 01:46:11.023, 949089544751, vstest.console.dll, TestRequestManager.RunTests: run tests completed.
TpTrace Verbose: 0 : 12968, 13, 2024/06/03, 01:46:11.023, 949089546016, vstest.console.dll, MulticastDelegateUtilities.SafeInvoke: LengthPrefixCommunicationChannel: MessageReceived: Invoking callback 1/1 for Microsoft.VisualStudio.TestPlatform.CommunicationUtilities.TestRequestSender+<>c__DisplayClass34_0., took 108 ms.
TpTrace Information: 0 : 12968, 13, 2024/06/03, 01:46:11.023, 949089548594, vstest.console.dll, SocketServer.PrivateStop: Stopping server endPoint: 127.0.0.1:54007 error: 
TpTrace Information: 0 : 12968, 1, 2024/06/03, 01:46:11.023, 949089547852, vstest.console.dll, RunTestsArgumentProcessor:Execute: Test run is completed.
TpTrace Verbose: 0 : 12968, 1, 2024/06/03, 01:46:11.030, 949089612396, vstest.console.dll, Executor.Execute: Exiting with exit code of 1
TpTrace Verbose: 0 : 12968, 13, 2024/06/03, 01:46:11.030, 949089612897, vstest.console.dll, LengthPrefixCommunicationChannel.Dispose: Dispose reader and writer.
TpTrace Information: 0 : 12968, 13, 2024/06/03, 01:46:11.030, 949089615407, vstest.console.dll, SocketServer.Stop: Raise disconnected event endPoint: 127.0.0.1:54007 error: 
TpTrace Verbose: 0 : 12968, 13, 2024/06/03, 01:46:11.030, 949089616860, vstest.console.dll, TestRequestSender: OnTestRunAbort: Operation is already complete. Skip error message.
TpTrace Verbose: 0 : 12968, 13, 2024/06/03, 01:46:11.030, 949089617564, vstest.console.dll, MulticastDelegateUtilities.SafeInvoke: SocketServer: ClientDisconnected: Invoking callback 1/1 for Microsoft.VisualStudio.TestPlatform.CommunicationUtilities.TestRequestSender., took 0 ms.
